{"/home/travis/build/npmtest/node-npmtest-expect.js/test.js":{"path":"/home/travis/build/npmtest/node-npmtest-expect.js/test.js","s":{"1":2,"2":2,"3":2,"4":2,"5":2,"6":2,"7":2,"8":1,"9":2,"10":2,"11":1,"12":1,"13":1,"14":1,"15":2,"16":2,"17":2,"18":2,"19":1,"20":1,"21":2,"22":2,"23":2,"24":1,"25":1,"26":1,"27":1,"28":1,"29":1,"30":1,"31":1,"32":1,"33":1,"34":1,"35":1,"36":1,"37":1,"38":1,"39":2,"40":2,"41":1,"42":2,"43":2,"44":1,"45":2,"46":2,"47":1,"48":2,"49":2,"50":1,"51":1,"52":1,"53":1,"54":1},"b":{"1":[2,1,1,1],"2":[1,1,1,1],"3":[1,1],"4":[1,1],"5":[1,1],"6":[1,1],"7":[1,1],"8":[1,1],"9":[1,1],"10":[1,1,1],"11":[1,1],"12":[1,1],"13":[1,1],"14":[1,1],"15":[1,1],"16":[1,1],"17":[1,1]},"f":{"1":2,"2":2,"3":2,"4":2,"5":2,"6":1,"7":1,"8":1,"9":2,"10":2,"11":2,"12":2,"13":1},"fnMap":{"1":{"name":"(anonymous_1)","line":12,"loc":{"start":{"line":12,"column":1},"end":{"line":12,"column":13}}},"2":{"name":"(anonymous_2)","line":19,"loc":{"start":{"line":19,"column":5},"end":{"line":19,"column":17}}},"3":{"name":"(anonymous_3)","line":23,"loc":{"start":{"line":23,"column":24},"end":{"line":23,"column":36}}},"4":{"name":"(anonymous_4)","line":61,"loc":{"start":{"line":61,"column":5},"end":{"line":61,"column":17}}},"5":{"name":"(anonymous_5)","line":82,"loc":{"start":{"line":82,"column":5},"end":{"line":82,"column":17}}},"6":{"name":"(anonymous_6)","line":91,"loc":{"start":{"line":91,"column":77},"end":{"line":94,"column":10}}},"7":{"name":"(anonymous_7)","line":112,"loc":{"start":{"line":112,"column":83},"end":{"line":115,"column":10}},"skip":true},"8":{"name":"(anonymous_8)","line":123,"loc":{"start":{"line":123,"column":77},"end":{"line":126,"column":10}},"skip":true},"9":{"name":"(anonymous_9)","line":139,"loc":{"start":{"line":139,"column":12},"end":{"line":139,"column":40}},"skip":true},"10":{"name":"(anonymous_10)","line":147,"loc":{"start":{"line":147,"column":77},"end":{"line":150,"column":10}},"skip":true},"11":{"name":"(anonymous_11)","line":158,"loc":{"start":{"line":158,"column":83},"end":{"line":161,"column":10}},"skip":true},"12":{"name":"(anonymous_12)","line":169,"loc":{"start":{"line":169,"column":79},"end":{"line":172,"column":10}},"skip":true},"13":{"name":"(anonymous_13)","line":180,"loc":{"start":{"line":180,"column":75},"end":{"line":183,"column":10}},"skip":true}},"statementMap":{"1":{"start":{"line":12,"column":0},"end":{"line":195,"column":5}},"2":{"start":{"line":14,"column":4},"end":{"line":14,"column":14}},"3":{"start":{"line":19,"column":4},"end":{"line":56,"column":9}},"4":{"start":{"line":21,"column":8},"end":{"line":21,"column":19}},"5":{"start":{"line":23,"column":8},"end":{"line":35,"column":13}},"6":{"start":{"line":24,"column":12},"end":{"line":34,"column":13}},"7":{"start":{"line":25,"column":16},"end":{"line":28,"column":30}},"8":{"start":{"line":30,"column":16},"end":{"line":33,"column":27}},"9":{"start":{"line":37,"column":8},"end":{"line":39,"column":21}},"10":{"start":{"line":40,"column":8},"end":{"line":53,"column":9}},"11":{"start":{"line":43,"column":12},"end":{"line":46,"column":14}},"12":{"start":{"line":47,"column":12},"end":{"line":47,"column":18}},"13":{"start":{"line":50,"column":12},"end":{"line":51,"column":46}},"14":{"start":{"line":52,"column":12},"end":{"line":52,"column":18}},"15":{"start":{"line":55,"column":8},"end":{"line":55,"column":35}},"16":{"start":{"line":61,"column":4},"end":{"line":63,"column":9}},"17":{"start":{"line":62,"column":8},"end":{"line":62,"column":15}},"18":{"start":{"line":64,"column":4},"end":{"line":77,"column":5}},"19":{"start":{"line":70,"column":8},"end":{"line":70,"column":14}},"20":{"start":{"line":76,"column":8},"end":{"line":76,"column":14}},"21":{"start":{"line":82,"column":4},"end":{"line":84,"column":9}},"22":{"start":{"line":83,"column":8},"end":{"line":83,"column":15}},"23":{"start":{"line":85,"column":4},"end":{"line":194,"column":5}},"24":{"start":{"line":91,"column":8},"end":{"line":99,"column":10}},"25":{"start":{"line":98,"column":12},"end":{"line":98,"column":35}},"26":{"start":{"line":102,"column":8},"end":{"line":104,"column":63}},"27":{"start":{"line":105,"column":8},"end":{"line":105,"column":14}},"28":{"start":{"line":112,"column":8},"end":{"line":121,"column":10},"skip":true},"29":{"start":{"line":119,"column":12},"end":{"line":119,"column":55},"skip":true},"30":{"start":{"line":120,"column":12},"end":{"line":120,"column":48},"skip":true},"31":{"start":{"line":123,"column":8},"end":{"line":136,"column":10},"skip":true},"32":{"start":{"line":130,"column":12},"end":{"line":130,"column":76},"skip":true},"33":{"start":{"line":131,"column":12},"end":{"line":131,"column":73},"skip":true},"34":{"start":{"line":132,"column":12},"end":{"line":132,"column":74},"skip":true},"35":{"start":{"line":133,"column":12},"end":{"line":133,"column":79},"skip":true},"36":{"start":{"line":134,"column":12},"end":{"line":134,"column":25},"skip":true},"37":{"start":{"line":135,"column":12},"end":{"line":135,"column":45},"skip":true},"38":{"start":{"line":138,"column":8},"end":{"line":145,"column":14},"skip":true},"39":{"start":{"line":143,"column":16},"end":{"line":143,"column":29},"skip":true},"40":{"start":{"line":144,"column":16},"end":{"line":144,"column":55},"skip":true},"41":{"start":{"line":147,"column":8},"end":{"line":156,"column":10},"skip":true},"42":{"start":{"line":154,"column":12},"end":{"line":154,"column":25},"skip":true},"43":{"start":{"line":155,"column":12},"end":{"line":155,"column":45},"skip":true},"44":{"start":{"line":158,"column":8},"end":{"line":167,"column":10},"skip":true},"45":{"start":{"line":165,"column":12},"end":{"line":165,"column":25},"skip":true},"46":{"start":{"line":166,"column":12},"end":{"line":166,"column":48},"skip":true},"47":{"start":{"line":169,"column":8},"end":{"line":178,"column":10},"skip":true},"48":{"start":{"line":176,"column":12},"end":{"line":176,"column":25},"skip":true},"49":{"start":{"line":177,"column":12},"end":{"line":177,"column":46},"skip":true},"50":{"start":{"line":180,"column":8},"end":{"line":189,"column":10},"skip":true},"51":{"start":{"line":187,"column":12},"end":{"line":187,"column":94},"skip":true},"52":{"start":{"line":188,"column":12},"end":{"line":188,"column":48},"skip":true},"53":{"start":{"line":192,"column":8},"end":{"line":192,"column":35},"skip":true},"54":{"start":{"line":193,"column":8},"end":{"line":193,"column":14},"skip":true}},"branchMap":{"1":{"line":25,"type":"binary-expr","locations":[{"start":{"line":25,"column":23},"end":{"line":25,"column":62}},{"start":{"line":26,"column":20},"end":{"line":26,"column":70}},{"start":{"line":27,"column":20},"end":{"line":27,"column":71}},{"start":{"line":28,"column":20},"end":{"line":28,"column":29}}]},"2":{"line":30,"type":"binary-expr","locations":[{"start":{"line":30,"column":23},"end":{"line":30,"column":37}},{"start":{"line":31,"column":20},"end":{"line":31,"column":61}},{"start":{"line":32,"column":20},"end":{"line":32,"column":70}},{"start":{"line":33,"column":20},"end":{"line":33,"column":26}}]},"3":{"line":37,"type":"cond-expr","locations":[{"start":{"line":38,"column":14},"end":{"line":38,"column":20}},{"start":{"line":39,"column":14},"end":{"line":39,"column":20}}]},"4":{"line":40,"type":"switch","locations":[{"start":{"line":42,"column":8},"end":{"line":47,"column":18}},{"start":{"line":49,"column":8},"end":{"line":52,"column":18}}]},"5":{"line":44,"type":"binary-expr","locations":[{"start":{"line":44,"column":16},"end":{"line":44,"column":44}},{"start":{"line":44,"column":48},"end":{"line":44,"column":66}}]},"6":{"line":50,"type":"binary-expr","locations":[{"start":{"line":50,"column":21},"end":{"line":50,"column":49}},{"start":{"line":50,"column":53},"end":{"line":50,"column":72}}]},"7":{"line":64,"type":"switch","locations":[{"start":{"line":69,"column":4},"end":{"line":70,"column":14}},{"start":{"line":75,"column":4},"end":{"line":76,"column":14}}]},"8":{"line":85,"type":"switch","locations":[{"start":{"line":90,"column":4},"end":{"line":105,"column":14}},{"start":{"line":111,"column":4},"end":{"line":193,"column":14},"skip":true}]},"9":{"line":91,"type":"binary-expr","locations":[{"start":{"line":91,"column":42},"end":{"line":91,"column":73}},{"start":{"line":91,"column":77},"end":{"line":99,"column":9}}]},"10":{"line":102,"type":"binary-expr","locations":[{"start":{"line":102,"column":18},"end":{"line":102,"column":32}},{"start":{"line":103,"column":12},"end":{"line":103,"column":53}},{"start":{"line":104,"column":12},"end":{"line":104,"column":61}}]},"11":{"line":112,"type":"binary-expr","locations":[{"start":{"line":112,"column":45},"end":{"line":112,"column":79},"skip":true},{"start":{"line":112,"column":83},"end":{"line":121,"column":9},"skip":true}]},"12":{"line":123,"type":"binary-expr","locations":[{"start":{"line":123,"column":42},"end":{"line":123,"column":73},"skip":true},{"start":{"line":123,"column":77},"end":{"line":136,"column":9},"skip":true}]},"13":{"line":138,"type":"binary-expr","locations":[{"start":{"line":138,"column":48},"end":{"line":138,"column":85},"skip":true},{"start":{"line":139,"column":12},"end":{"line":145,"column":13},"skip":true}]},"14":{"line":147,"type":"binary-expr","locations":[{"start":{"line":147,"column":42},"end":{"line":147,"column":73},"skip":true},{"start":{"line":147,"column":77},"end":{"line":156,"column":9},"skip":true}]},"15":{"line":158,"type":"binary-expr","locations":[{"start":{"line":158,"column":45},"end":{"line":158,"column":79},"skip":true},{"start":{"line":158,"column":83},"end":{"line":167,"column":9},"skip":true}]},"16":{"line":169,"type":"binary-expr","locations":[{"start":{"line":169,"column":43},"end":{"line":169,"column":75},"skip":true},{"start":{"line":169,"column":79},"end":{"line":178,"column":9},"skip":true}]},"17":{"line":180,"type":"binary-expr","locations":[{"start":{"line":180,"column":41},"end":{"line":180,"column":71},"skip":true},{"start":{"line":180,"column":75},"end":{"line":189,"column":9},"skip":true}]}},"code":["/* istanbul instrument in package npmtest_expect_js */","/*jslint","    bitwise: true,","    browser: true,","    maxerr: 8,","    maxlen: 96,","    node: true,","    nomen: true,","    regexp: true,","    stupid: true","*/","(function () {","    'use strict';","    var local;","","","","    // run shared js-env code - pre-init","    (function () {","        // init local","        local = {};","        // init modeJs","        local.modeJs = (function () {","            try {","                return typeof navigator.userAgent === 'string' &&","                    typeof document.querySelector('body') === 'object' &&","                    typeof XMLHttpRequest.prototype.open === 'function' &&","                    'browser';","            } catch (errorCaughtBrowser) {","                return module.exports &&","                    typeof process.versions.node === 'string' &&","                    typeof require('http').createServer === 'function' &&","                    'node';","            }","        }());","        // init global","        local.global = local.modeJs === 'browser'","            ? window","            : global;","        switch (local.modeJs) {","        // re-init local from window.local","        case 'browser':","            local = local.global.utility2.objectSetDefault(","                local.global.utility2_rollup || local.global.local,","                local.global.utility2","            );","            break;","        // re-init local from example.js","        case 'node':","            local = (local.global.utility2_rollup || require('utility2'))","                .requireExampleJsFromReadme();","            break;","        }","        // export local","        local.global.local = local;","    }());","","","","    // run shared js-env code - function","    (function () {","        return;","    }());","    switch (local.modeJs) {","","","","    // run browser js-env code - function","    case 'browser':","        break;","","","","    // run node js-env code - function","    case 'node':","        break;","    }","","","","    // run shared js-env code - post-init","    (function () {","        return;","    }());","    switch (local.modeJs) {","","","","    // run browser js-env code - post-init","    case 'browser':","        local.testCase_browser_nullCase = local.testCase_browser_nullCase || function (","            options,","            onError","        ) {","        /*","         * this function will test browsers's null-case handling-behavior-behavior","         */","            onError(null, options);","        };","","        // run tests","        local.nop(local.modeTest &&","            document.querySelector('#testRunButton1') &&","            document.querySelector('#testRunButton1').click());","        break;","","","","    // run node js-env code - post-init","    /* istanbul ignore next */","    case 'node':","        local.testCase_buildApidoc_default = local.testCase_buildApidoc_default || function (","            options,","            onError","        ) {","        /*","         * this function will test buildApidoc's default handling-behavior-behavior","         */","            options = { modulePathList: module.paths };","            local.buildApidoc(options, onError);","        };","","        local.testCase_buildApp_default = local.testCase_buildApp_default || function (","            options,","            onError","        ) {","        /*","         * this function will test buildApp's default handling-behavior-behavior","         */","            local.testCase_buildReadme_default(options, local.onErrorThrow);","            local.testCase_buildLib_default(options, local.onErrorThrow);","            local.testCase_buildTest_default(options, local.onErrorThrow);","            local.testCase_buildCustomOrg_default(options, local.onErrorThrow);","            options = [];","            local.buildApp(options, onError);","        };","","        local.testCase_buildCustomOrg_default = local.testCase_buildCustomOrg_default ||","            function (options, onError) {","            /*","             * this function will test buildCustomOrg's default handling-behavior","             */","                options = {};","                local.buildCustomOrg(options, onError);","            };","","        local.testCase_buildLib_default = local.testCase_buildLib_default || function (","            options,","            onError","        ) {","        /*","         * this function will test buildLib's default handling-behavior","         */","            options = {};","            local.buildLib(options, onError);","        };","","        local.testCase_buildReadme_default = local.testCase_buildReadme_default || function (","            options,","            onError","        ) {","        /*","         * this function will test buildReadme's default handling-behavior-behavior","         */","            options = {};","            local.buildReadme(options, onError);","        };","","        local.testCase_buildTest_default = local.testCase_buildTest_default || function (","            options,","            onError","        ) {","        /*","         * this function will test buildTest's default handling-behavior","         */","            options = {};","            local.buildTest(options, onError);","        };","","        local.testCase_webpage_default = local.testCase_webpage_default || function (","            options,","            onError","        ) {","        /*","         * this function will test webpage's default handling-behavior","         */","            options = { modeCoverageMerge: true, url: local.serverLocalHost + '?modeTest=1' };","            local.browserTest(options, onError);","        };","","        // run test-server","        local.testRunServer(local);","        break;","    }","}());",""],"l":{"12":2,"14":2,"19":2,"21":2,"23":2,"24":2,"25":2,"30":1,"37":2,"40":2,"43":1,"47":1,"50":1,"52":1,"55":2,"61":2,"62":2,"64":2,"70":1,"76":1,"82":2,"83":2,"85":2,"91":1,"98":1,"102":1,"105":1,"112":1,"119":1,"120":1,"123":1,"130":1,"131":1,"132":1,"133":1,"134":1,"135":1,"138":1,"143":2,"144":2,"147":1,"154":2,"155":2,"158":1,"165":2,"166":2,"169":1,"176":2,"177":2,"180":1,"187":1,"188":1,"192":1,"193":1}},"/home/travis/build/npmtest/node-npmtest-expect.js/lib.npmtest_expect.js.js":{"path":"/home/travis/build/npmtest/node-npmtest-expect.js/lib.npmtest_expect.js.js","s":{"1":2,"2":2,"3":2,"4":2,"5":2,"6":2,"7":2,"8":1,"9":2,"10":2,"11":2,"12":2,"13":1,"14":1,"15":1,"16":1},"b":{"1":[2,1,1,1],"2":[1,1,1,1],"3":[1,1],"4":[2,2],"5":[1,1]},"f":{"1":2,"2":2,"3":2},"fnMap":{"1":{"name":"(anonymous_1)","line":12,"loc":{"start":{"line":12,"column":1},"end":{"line":12,"column":13}}},"2":{"name":"(anonymous_2)","line":19,"loc":{"start":{"line":19,"column":5},"end":{"line":19,"column":17}}},"3":{"name":"(anonymous_3)","line":23,"loc":{"start":{"line":23,"column":24},"end":{"line":23,"column":36}}}},"statementMap":{"1":{"start":{"line":12,"column":0},"end":{"line":53,"column":5}},"2":{"start":{"line":14,"column":4},"end":{"line":14,"column":14}},"3":{"start":{"line":19,"column":4},"end":{"line":52,"column":9}},"4":{"start":{"line":21,"column":8},"end":{"line":21,"column":19}},"5":{"start":{"line":23,"column":8},"end":{"line":35,"column":13}},"6":{"start":{"line":24,"column":12},"end":{"line":34,"column":13}},"7":{"start":{"line":25,"column":16},"end":{"line":28,"column":30}},"8":{"start":{"line":30,"column":16},"end":{"line":33,"column":27}},"9":{"start":{"line":37,"column":8},"end":{"line":39,"column":21}},"10":{"start":{"line":41,"column":8},"end":{"line":41,"column":54}},"11":{"start":{"line":43,"column":8},"end":{"line":43,"column":54}},"12":{"start":{"line":45,"column":8},"end":{"line":51,"column":9}},"13":{"start":{"line":46,"column":12},"end":{"line":46,"column":60}},"14":{"start":{"line":48,"column":12},"end":{"line":48,"column":35}},"15":{"start":{"line":49,"column":12},"end":{"line":49,"column":49}},"16":{"start":{"line":50,"column":12},"end":{"line":50,"column":43}}},"branchMap":{"1":{"line":25,"type":"binary-expr","locations":[{"start":{"line":25,"column":23},"end":{"line":25,"column":62}},{"start":{"line":26,"column":20},"end":{"line":26,"column":70}},{"start":{"line":27,"column":20},"end":{"line":27,"column":71}},{"start":{"line":28,"column":20},"end":{"line":28,"column":29}}]},"2":{"line":30,"type":"binary-expr","locations":[{"start":{"line":30,"column":23},"end":{"line":30,"column":37}},{"start":{"line":31,"column":20},"end":{"line":31,"column":61}},{"start":{"line":32,"column":20},"end":{"line":32,"column":70}},{"start":{"line":33,"column":20},"end":{"line":33,"column":26}}]},"3":{"line":37,"type":"cond-expr","locations":[{"start":{"line":38,"column":14},"end":{"line":38,"column":20}},{"start":{"line":39,"column":14},"end":{"line":39,"column":20}}]},"4":{"line":41,"type":"binary-expr","locations":[{"start":{"line":41,"column":16},"end":{"line":41,"column":44}},{"start":{"line":41,"column":48},"end":{"line":41,"column":53}}]},"5":{"line":45,"type":"if","locations":[{"start":{"line":45,"column":8},"end":{"line":45,"column":8}},{"start":{"line":45,"column":8},"end":{"line":45,"column":8}}]}},"code":["/* istanbul instrument in package npmtest_expect_js */","/*jslint","    bitwise: true,","    browser: true,","    maxerr: 8,","    maxlen: 96,","    node: true,","    nomen: true,","    regexp: true,","    stupid: true","*/","(function () {","    'use strict';","    var local;","","","","    // run shared js-env code - pre-init","    (function () {","        // init local","        local = {};","        // init modeJs","        local.modeJs = (function () {","            try {","                return typeof navigator.userAgent === 'string' &&","                    typeof document.querySelector('body') === 'object' &&","                    typeof XMLHttpRequest.prototype.open === 'function' &&","                    'browser';","            } catch (errorCaughtBrowser) {","                return module.exports &&","                    typeof process.versions.node === 'string' &&","                    typeof require('http').createServer === 'function' &&","                    'node';","            }","        }());","        // init global","        local.global = local.modeJs === 'browser'","            ? window","            : global;","        // init utility2_rollup","        local = local.global.utility2_rollup || local;","        // init lib","        local.local = local.npmtest_expect_js = local;","        // init exports","        if (local.modeJs === 'browser') {","            local.global.utility2_npmtest_expect_js = local;","        } else {","            module.exports = local;","            module.exports.__dirname = __dirname;","            module.exports.module = module;","        }","    }());","}());",""],"l":{"12":2,"14":2,"19":2,"21":2,"23":2,"24":2,"25":2,"30":1,"37":2,"41":2,"43":2,"45":2,"46":1,"48":1,"49":1,"50":1}},"/home/travis/build/npmtest/node-npmtest-expect.js/example.js":{"path":"/home/travis/build/npmtest/node-npmtest-expect.js/example.js","s":{"1":2,"2":2,"3":2,"4":2,"5":2,"6":2,"7":2,"8":1,"9":2,"10":2,"11":2,"12":2,"13":1,"14":2,"15":2,"16":2,"17":2,"18":2,"19":0,"20":2,"21":1,"22":1,"23":1,"24":1,"25":1,"26":0,"27":0,"28":1,"29":1,"30":2,"31":0,"32":0,"33":0,"34":1,"35":2,"36":2,"37":3,"38":3,"39":3,"40":3,"41":0,"42":3,"43":3,"44":3,"45":1,"46":3,"47":1,"48":1,"49":1,"50":1,"51":1,"52":1,"53":1,"54":1,"55":1,"56":1,"57":0,"58":1,"59":6,"60":6,"61":1,"62":2,"63":0,"64":2,"65":1,"66":1,"67":0,"68":0,"69":0,"70":0,"71":0,"72":0,"73":0,"74":0,"75":0,"76":0,"77":0,"78":0,"79":0,"80":0,"81":0,"82":0,"83":0},"b":{"1":[2,1,1,1],"2":[1,1,1,1],"3":[1,1],"4":[2,2],"5":[1,1],"6":[1,1],"7":[2,0],"8":[2,1,1,1,1,1],"9":[0,2,0],"10":[1,1],"11":[2,1,1],"12":[1,0],"13":[0,2],"14":[2,0,0,0,0,0,0],"15":[0,3],"16":[3,0],"17":[1,1],"18":[0,1],"19":[1,2,0,2],"20":[1,0],"21":[1,1],"22":[0,0],"23":[0,0],"24":[0,0],"25":[0,0],"26":[0,0],"27":[0,0],"28":[0,0]},"f":{"1":2,"2":2,"3":2,"4":2,"5":2,"6":2,"7":3,"8":3,"9":3,"10":1,"11":6,"12":0},"fnMap":{"1":{"name":"(anonymous_1)","line":26,"loc":{"start":{"line":26,"column":1},"end":{"line":26,"column":13}}},"2":{"name":"(anonymous_2)","line":33,"loc":{"start":{"line":33,"column":5},"end":{"line":33,"column":17}}},"3":{"name":"(anonymous_3)","line":37,"loc":{"start":{"line":37,"column":24},"end":{"line":37,"column":36}}},"4":{"name":"(anonymous_4)","line":69,"loc":{"start":{"line":69,"column":31},"end":{"line":69,"column":48}},"skip":true},"5":{"name":"(anonymous_5)","line":78,"loc":{"start":{"line":78,"column":26},"end":{"line":78,"column":45}},"skip":true},"6":{"name":"(anonymous_6)","line":123,"loc":{"start":{"line":123,"column":33},"end":{"line":123,"column":48}},"skip":true},"7":{"name":"(anonymous_7)","line":125,"loc":{"start":{"line":125,"column":27},"end":{"line":125,"column":39}},"skip":true},"8":{"name":"(anonymous_8)","line":133,"loc":{"start":{"line":133,"column":59},"end":{"line":133,"column":74}},"skip":true},"9":{"name":"(anonymous_9)","line":143,"loc":{"start":{"line":143,"column":45},"end":{"line":143,"column":62}},"skip":true},"10":{"name":"(anonymous_10)","line":144,"loc":{"start":{"line":144,"column":73},"end":{"line":144,"column":92}},"skip":true},"11":{"name":"(anonymous_11)","line":272,"loc":{"start":{"line":272,"column":51},"end":{"line":272,"column":77}},"skip":true},"12":{"name":"(anonymous_12)","line":315,"loc":{"start":{"line":315,"column":32},"end":{"line":315,"column":61}},"skip":true}},"statementMap":{"1":{"start":{"line":26,"column":0},"end":{"line":326,"column":5}},"2":{"start":{"line":28,"column":4},"end":{"line":28,"column":14}},"3":{"start":{"line":33,"column":4},"end":{"line":60,"column":9}},"4":{"start":{"line":35,"column":8},"end":{"line":35,"column":19}},"5":{"start":{"line":37,"column":8},"end":{"line":49,"column":13}},"6":{"start":{"line":38,"column":12},"end":{"line":48,"column":13}},"7":{"start":{"line":39,"column":16},"end":{"line":42,"column":30}},"8":{"start":{"line":44,"column":16},"end":{"line":47,"column":27}},"9":{"start":{"line":51,"column":8},"end":{"line":53,"column":21}},"10":{"start":{"line":55,"column":8},"end":{"line":57,"column":45}},"11":{"start":{"line":59,"column":8},"end":{"line":59,"column":35}},"12":{"start":{"line":61,"column":4},"end":{"line":325,"column":5}},"13":{"start":{"line":69,"column":8},"end":{"line":121,"column":10},"skip":true},"14":{"start":{"line":70,"column":12},"end":{"line":88,"column":13},"skip":true},"15":{"start":{"line":76,"column":16},"end":{"line":87,"column":19},"skip":true},"16":{"start":{"line":79,"column":20},"end":{"line":86,"column":21},"skip":true},"17":{"start":{"line":82,"column":24},"end":{"line":82,"column":43},"skip":true},"18":{"start":{"line":83,"column":24},"end":{"line":83,"column":30},"skip":true},"19":{"start":{"line":85,"column":24},"end":{"line":85,"column":49},"skip":true},"20":{"start":{"line":89,"column":12},"end":{"line":107,"column":13},"skip":true},"21":{"start":{"line":92,"column":16},"end":{"line":102,"column":17},"skip":true},"22":{"start":{"line":93,"column":20},"end":{"line":93,"column":86},"skip":true},"23":{"start":{"line":94,"column":20},"end":{"line":95,"column":45},"skip":true},"24":{"start":{"line":96,"column":20},"end":{"line":96,"column":42},"skip":true},"25":{"start":{"line":97,"column":20},"end":{"line":97,"column":48},"skip":true},"26":{"start":{"line":100,"column":20},"end":{"line":100,"column":85},"skip":true},"27":{"start":{"line":101,"column":20},"end":{"line":101,"column":96},"skip":true},"28":{"start":{"line":103,"column":16},"end":{"line":103,"column":22},"skip":true},"29":{"start":{"line":106,"column":16},"end":{"line":106,"column":22},"skip":true},"30":{"start":{"line":108,"column":12},"end":{"line":120,"column":13},"skip":true},"31":{"start":{"line":114,"column":16},"end":{"line":119,"column":17},"skip":true},"32":{"start":{"line":116,"column":20},"end":{"line":116,"column":78},"skip":true},"33":{"start":{"line":118,"column":20},"end":{"line":118,"column":47},"skip":true},"34":{"start":{"line":123,"column":8},"end":{"line":141,"column":11},"skip":true},"35":{"start":{"line":124,"column":12},"end":{"line":124,"column":54},"skip":true},"36":{"start":{"line":125,"column":12},"end":{"line":140,"column":14},"skip":true},"37":{"start":{"line":126,"column":16},"end":{"line":126,"column":28},"skip":true},"38":{"start":{"line":127,"column":16},"end":{"line":127,"column":69},"skip":true},"39":{"start":{"line":128,"column":16},"end":{"line":128,"column":75},"skip":true},"40":{"start":{"line":129,"column":16},"end":{"line":131,"column":17},"skip":true},"41":{"start":{"line":130,"column":20},"end":{"line":130,"column":27},"skip":true},"42":{"start":{"line":133,"column":16},"end":{"line":137,"column":36},"skip":true},"43":{"start":{"line":134,"column":20},"end":{"line":136,"column":55},"skip":true},"44":{"start":{"line":139,"column":16},"end":{"line":139,"column":57},"skip":true},"45":{"start":{"line":143,"column":8},"end":{"line":147,"column":11},"skip":true},"46":{"start":{"line":144,"column":12},"end":{"line":146,"column":15},"skip":true},"47":{"start":{"line":145,"column":16},"end":{"line":145,"column":70},"skip":true},"48":{"start":{"line":149,"column":8},"end":{"line":149,"column":31},"skip":true},"49":{"start":{"line":150,"column":8},"end":{"line":150,"column":14},"skip":true},"50":{"start":{"line":158,"column":8},"end":{"line":158,"column":31},"skip":true},"51":{"start":{"line":160,"column":8},"end":{"line":160,"column":33},"skip":true},"52":{"start":{"line":161,"column":8},"end":{"line":161,"column":37},"skip":true},"53":{"start":{"line":162,"column":8},"end":{"line":162,"column":35},"skip":true},"54":{"start":{"line":164,"column":8},"end":{"line":164,"column":50},"skip":true},"55":{"start":{"line":166,"column":8},"end":{"line":256,"column":2},"skip":true},"56":{"start":{"line":258,"column":8},"end":{"line":286,"column":9},"skip":true},"57":{"start":{"line":259,"column":12},"end":{"line":269,"column":14},"skip":true},"58":{"start":{"line":271,"column":12},"end":{"line":285,"column":19},"skip":true},"59":{"start":{"line":274,"column":20},"end":{"line":274,"column":35},"skip":true},"60":{"start":{"line":275,"column":20},"end":{"line":284,"column":21},"skip":true},"61":{"start":{"line":277,"column":24},"end":{"line":277,"column":64},"skip":true},"62":{"start":{"line":279,"column":24},"end":{"line":279,"column":40},"skip":true},"63":{"start":{"line":281,"column":24},"end":{"line":281,"column":40},"skip":true},"64":{"start":{"line":283,"column":24},"end":{"line":283,"column":39},"skip":true},"65":{"start":{"line":288,"column":8},"end":{"line":290,"column":9},"skip":true},"66":{"start":{"line":289,"column":12},"end":{"line":289,"column":18},"skip":true},"67":{"start":{"line":291,"column":8},"end":{"line":293,"column":54},"skip":true},"68":{"start":{"line":296,"column":8},"end":{"line":301,"column":37},"skip":true},"69":{"start":{"line":303,"column":8},"end":{"line":303,"column":82},"skip":true},"70":{"start":{"line":306,"column":8},"end":{"line":308,"column":9},"skip":true},"71":{"start":{"line":307,"column":12},"end":{"line":307,"column":82},"skip":true},"72":{"start":{"line":310,"column":8},"end":{"line":312,"column":9},"skip":true},"73":{"start":{"line":311,"column":12},"end":{"line":311,"column":18},"skip":true},"74":{"start":{"line":313,"column":8},"end":{"line":313,"column":54},"skip":true},"75":{"start":{"line":314,"column":8},"end":{"line":314,"column":69},"skip":true},"76":{"start":{"line":315,"column":8},"end":{"line":323,"column":36},"skip":true},"77":{"start":{"line":316,"column":12},"end":{"line":316,"column":61},"skip":true},"78":{"start":{"line":317,"column":12},"end":{"line":320,"column":13},"skip":true},"79":{"start":{"line":318,"column":16},"end":{"line":318,"column":75},"skip":true},"80":{"start":{"line":319,"column":16},"end":{"line":319,"column":23},"skip":true},"81":{"start":{"line":321,"column":12},"end":{"line":321,"column":38},"skip":true},"82":{"start":{"line":322,"column":12},"end":{"line":322,"column":27},"skip":true},"83":{"start":{"line":324,"column":8},"end":{"line":324,"column":14},"skip":true}},"branchMap":{"1":{"line":39,"type":"binary-expr","locations":[{"start":{"line":39,"column":23},"end":{"line":39,"column":62}},{"start":{"line":40,"column":20},"end":{"line":40,"column":70}},{"start":{"line":41,"column":20},"end":{"line":41,"column":71}},{"start":{"line":42,"column":20},"end":{"line":42,"column":29}}]},"2":{"line":44,"type":"binary-expr","locations":[{"start":{"line":44,"column":23},"end":{"line":44,"column":37}},{"start":{"line":45,"column":20},"end":{"line":45,"column":61}},{"start":{"line":46,"column":20},"end":{"line":46,"column":70}},{"start":{"line":47,"column":20},"end":{"line":47,"column":26}}]},"3":{"line":51,"type":"cond-expr","locations":[{"start":{"line":52,"column":14},"end":{"line":52,"column":20}},{"start":{"line":53,"column":14},"end":{"line":53,"column":20}}]},"4":{"line":55,"type":"binary-expr","locations":[{"start":{"line":55,"column":16},"end":{"line":55,"column":44}},{"start":{"line":55,"column":49},"end":{"line":57,"column":43}}]},"5":{"line":55,"type":"cond-expr","locations":[{"start":{"line":56,"column":14},"end":{"line":56,"column":53}},{"start":{"line":57,"column":14},"end":{"line":57,"column":43}}]},"6":{"line":61,"type":"switch","locations":[{"start":{"line":68,"column":4},"end":{"line":150,"column":14},"skip":true},{"start":{"line":156,"column":4},"end":{"line":324,"column":14},"skip":true}]},"7":{"line":70,"type":"if","locations":[{"start":{"line":70,"column":12},"end":{"line":70,"column":12},"skip":true},{"start":{"line":70,"column":12},"end":{"line":70,"column":12},"skip":true}]},"8":{"line":70,"type":"binary-expr","locations":[{"start":{"line":70,"column":16},"end":{"line":70,"column":22},"skip":true},{"start":{"line":70,"column":27},"end":{"line":70,"column":32},"skip":true},{"start":{"line":71,"column":20},"end":{"line":71,"column":39},"skip":true},{"start":{"line":72,"column":20},"end":{"line":72,"column":49},"skip":true},{"start":{"line":73,"column":20},"end":{"line":73,"column":58},"skip":true},{"start":{"line":74,"column":20},"end":{"line":74,"column":69},"skip":true}]},"9":{"line":79,"type":"switch","locations":[{"start":{"line":80,"column":20},"end":{"line":80,"column":33},"skip":true},{"start":{"line":81,"column":20},"end":{"line":83,"column":30},"skip":true},{"start":{"line":84,"column":20},"end":{"line":85,"column":49},"skip":true}]},"10":{"line":89,"type":"switch","locations":[{"start":{"line":90,"column":12},"end":{"line":103,"column":22},"skip":true},{"start":{"line":105,"column":12},"end":{"line":106,"column":22},"skip":true}]},"11":{"line":89,"type":"binary-expr","locations":[{"start":{"line":89,"column":20},"end":{"line":89,"column":25},"skip":true},{"start":{"line":89,"column":29},"end":{"line":89,"column":48},"skip":true},{"start":{"line":89,"column":52},"end":{"line":89,"column":74},"skip":true}]},"12":{"line":92,"type":"if","locations":[{"start":{"line":92,"column":16},"end":{"line":92,"column":16},"skip":true},{"start":{"line":92,"column":16},"end":{"line":92,"column":16},"skip":true}]},"13":{"line":108,"type":"if","locations":[{"start":{"line":108,"column":12},"end":{"line":108,"column":12},"skip":true},{"start":{"line":108,"column":12},"end":{"line":108,"column":12},"skip":true}]},"14":{"line":108,"type":"binary-expr","locations":[{"start":{"line":108,"column":16},"end":{"line":108,"column":61},"skip":true},{"start":{"line":108,"column":66},"end":{"line":108,"column":72},"skip":true},{"start":{"line":108,"column":77},"end":{"line":108,"column":82},"skip":true},{"start":{"line":109,"column":20},"end":{"line":109,"column":39},"skip":true},{"start":{"line":110,"column":20},"end":{"line":110,"column":49},"skip":true},{"start":{"line":111,"column":20},"end":{"line":111,"column":58},"skip":true},{"start":{"line":112,"column":20},"end":{"line":112,"column":68},"skip":true}]},"15":{"line":129,"type":"if","locations":[{"start":{"line":129,"column":16},"end":{"line":129,"column":16},"skip":true},{"start":{"line":129,"column":16},"end":{"line":129,"column":16},"skip":true}]},"16":{"line":134,"type":"cond-expr","locations":[{"start":{"line":135,"column":26},"end":{"line":135,"column":29},"skip":true},{"start":{"line":136,"column":26},"end":{"line":136,"column":54},"skip":true}]},"17":{"line":164,"type":"binary-expr","locations":[{"start":{"line":164,"column":27},"end":{"line":164,"column":43},"skip":true},{"start":{"line":164,"column":47},"end":{"line":164,"column":49},"skip":true}]},"18":{"line":258,"type":"if","locations":[{"start":{"line":258,"column":8},"end":{"line":258,"column":8},"skip":true},{"start":{"line":258,"column":8},"end":{"line":258,"column":8},"skip":true}]},"19":{"line":275,"type":"switch","locations":[{"start":{"line":276,"column":20},"end":{"line":277,"column":64},"skip":true},{"start":{"line":278,"column":20},"end":{"line":279,"column":40},"skip":true},{"start":{"line":280,"column":20},"end":{"line":281,"column":40},"skip":true},{"start":{"line":282,"column":20},"end":{"line":283,"column":39},"skip":true}]},"20":{"line":288,"type":"if","locations":[{"start":{"line":288,"column":8},"end":{"line":288,"column":8},"skip":true},{"start":{"line":288,"column":8},"end":{"line":288,"column":8},"skip":true}]},"21":{"line":288,"type":"binary-expr","locations":[{"start":{"line":288,"column":12},"end":{"line":288,"column":40},"skip":true},{"start":{"line":288,"column":44},"end":{"line":288,"column":67},"skip":true}]},"22":{"line":292,"type":"binary-expr","locations":[{"start":{"line":292,"column":12},"end":{"line":292,"column":50},"skip":true},{"start":{"line":293,"column":12},"end":{"line":293,"column":53},"skip":true}]},"23":{"line":297,"type":"binary-expr","locations":[{"start":{"line":297,"column":12},"end":{"line":297,"column":67},"skip":true},{"start":{"line":298,"column":12},"end":{"line":301,"column":36},"skip":true}]},"24":{"line":303,"type":"binary-expr","locations":[{"start":{"line":303,"column":43},"end":{"line":303,"column":75},"skip":true},{"start":{"line":303,"column":79},"end":{"line":303,"column":81},"skip":true}]},"25":{"line":306,"type":"if","locations":[{"start":{"line":306,"column":8},"end":{"line":306,"column":8},"skip":true},{"start":{"line":306,"column":8},"end":{"line":306,"column":8},"skip":true}]},"26":{"line":310,"type":"if","locations":[{"start":{"line":310,"column":8},"end":{"line":310,"column":8},"skip":true},{"start":{"line":310,"column":8},"end":{"line":310,"column":8},"skip":true}]},"27":{"line":313,"type":"binary-expr","locations":[{"start":{"line":313,"column":27},"end":{"line":313,"column":43},"skip":true},{"start":{"line":313,"column":47},"end":{"line":313,"column":53},"skip":true}]},"28":{"line":317,"type":"if","locations":[{"start":{"line":317,"column":12},"end":{"line":317,"column":12},"skip":true},{"start":{"line":317,"column":12},"end":{"line":317,"column":12},"skip":true}]}},"code":["/*","example.js","","quickstart example","","instruction","    1. save this script as example.js","    2. run the shell command:","        $ npm install npmtest-expect.js && PORT=8081 node example.js","    3. play with the browser-demo on http://127.0.0.1:8081","*/","","","","/* istanbul instrument in package npmtest_expect_js */","/*jslint","    bitwise: true,","    browser: true,","    maxerr: 8,","    maxlen: 96,","    node: true,","    nomen: true,","    regexp: true,","    stupid: true","*/","(function () {","    'use strict';","    var local;","","","","    // run shared js-env code - pre-init","    (function () {","        // init local","        local = {};","        // init modeJs","        local.modeJs = (function () {","            try {","                return typeof navigator.userAgent === 'string' &&","                    typeof document.querySelector('body') === 'object' &&","                    typeof XMLHttpRequest.prototype.open === 'function' &&","                    'browser';","            } catch (errorCaughtBrowser) {","                return module.exports &&","                    typeof process.versions.node === 'string' &&","                    typeof require('http').createServer === 'function' &&","                    'node';","            }","        }());","        // init global","        local.global = local.modeJs === 'browser'","            ? window","            : global;","        // init utility2_rollup","        local = local.global.utility2_rollup || (local.modeJs === 'browser'","            ? local.global.utility2_npmtest_expect_js","            : global.utility2_moduleExports);","        // export local","        local.global.local = local;","    }());","    switch (local.modeJs) {","","","","    // post-init","    // run browser js-env code - post-init","    /* istanbul ignore next */","    case 'browser':","        local.testRunBrowser = function (event) {","            if (!event || (event &&","                    event.currentTarget &&","                    event.currentTarget.className &&","                    event.currentTarget.className.includes &&","                    event.currentTarget.className.includes('onreset'))) {","                // reset output","                Array.from(","                    document.querySelectorAll('body > .resettable')","                ).forEach(function (element) {","                    switch (element.tagName) {","                    case 'INPUT':","                    case 'TEXTAREA':","                        element.value = '';","                        break;","                    default:","                        element.textContent = '';","                    }","                });","            }","            switch (event && event.currentTarget && event.currentTarget.id) {","            case 'testRunButton1':","                // show tests","                if (document.querySelector('#testReportDiv1').style.display === 'none') {","                    document.querySelector('#testReportDiv1').style.display = 'block';","                    document.querySelector('#testRunButton1').textContent =","                        'hide internal test';","                    local.modeTest = true;","                    local.testRunDefault(local);","                // hide tests","                } else {","                    document.querySelector('#testReportDiv1').style.display = 'none';","                    document.querySelector('#testRunButton1').textContent = 'run internal test';","                }","                break;","            // custom-case","            default:","                break;","            }","            if (document.querySelector('#inputTextareaEval1') && (!event || (event &&","                    event.currentTarget &&","                    event.currentTarget.className &&","                    event.currentTarget.className.includes &&","                    event.currentTarget.className.includes('oneval')))) {","                // try to eval input-code","                try {","                    /*jslint evil: true*/","                    eval(document.querySelector('#inputTextareaEval1').value);","                } catch (errorCaught) {","                    console.error(errorCaught);","                }","            }","        };","        // log stderr and stdout to #outputTextareaStdout1","        ['error', 'log'].forEach(function (key) {","            console[key + '_original'] = console[key];","            console[key] = function () {","                var element;","                console[key + '_original'].apply(console, arguments);","                element = document.querySelector('#outputTextareaStdout1');","                if (!element) {","                    return;","                }","                // append text to #outputTextareaStdout1","                element.value += Array.from(arguments).map(function (arg) {","                    return typeof arg === 'string'","                        ? arg","                        : JSON.stringify(arg, null, 4);","                }).join(' ') + '\\n';","                // scroll textarea to bottom","                element.scrollTop = element.scrollHeight;","            };","        });","        // init event-handling","        ['change', 'click', 'keyup'].forEach(function (event) {","            Array.from(document.querySelectorAll('.on' + event)).forEach(function (element) {","                element.addEventListener(event, local.testRunBrowser);","            });","        });","        // run tests","        local.testRunBrowser();","        break;","","","","    // run node js-env code - post-init","    /* istanbul ignore next */","    case 'node':","        // export local","        module.exports = local;","        // require modules","        local.fs = require('fs');","        local.http = require('http');","        local.url = require('url');","        // init assets","        local.assetsDict = local.assetsDict || {};","        /* jslint-ignore-begin */","        local.assetsDict['/assets.index.template.html'] = '\\","<!doctype html>\\n\\","<html lang=\"en\">\\n\\","<head>\\n\\","<meta charset=\"UTF-8\">\\n\\","<meta name=\"viewport\" content=\"width=device-width, initial-scale=1\">\\n\\","<title>{{env.npm_package_name}} (v{{env.npm_package_version}})</title>\\n\\","<style>\\n\\","/*csslint\\n\\","    box-sizing: false,\\n\\","    universal-selector: false\\n\\","*/\\n\\","* {\\n\\","    box-sizing: border-box;\\n\\","}\\n\\","body {\\n\\","    background: #dde;\\n\\","    font-family: Arial, Helvetica, sans-serif;\\n\\","    margin: 2rem;\\n\\","}\\n\\","body > * {\\n\\","    margin-bottom: 1rem;\\n\\","}\\n\\",".utility2FooterDiv {\\n\\","    margin-top: 20px;\\n\\","    text-align: center;\\n\\","}\\n\\","</style>\\n\\","<style>\\n\\","/*csslint\\n\\","*/\\n\\","textarea {\\n\\","    font-family: monospace;\\n\\","    height: 10rem;\\n\\","    width: 100%;\\n\\","}\\n\\","textarea[readonly] {\\n\\","    background: #ddd;\\n\\","}\\n\\","</style>\\n\\","</head>\\n\\","<body>\\n\\","<!-- utility2-comment\\n\\","<div id=\"ajaxProgressDiv1\" style=\"background: #d00; height: 2px; left: 0; margin: 0; padding: 0; position: fixed; top: 0; transition: background 0.5s, width 1.5s; width: 25%;\"></div>\\n\\","utility2-comment -->\\n\\","<h1>\\n\\","<!-- utility2-comment\\n\\","    <a\\n\\","        {{#if env.npm_package_homepage}}\\n\\","        href=\"{{env.npm_package_homepage}}\"\\n\\","        {{/if env.npm_package_homepage}}\\n\\","        target=\"_blank\"\\n\\","    >\\n\\","utility2-comment -->\\n\\","        {{env.npm_package_name}} (v{{env.npm_package_version}})\\n\\","<!-- utility2-comment\\n\\","    </a>\\n\\","utility2-comment -->\\n\\","</h1>\\n\\","<h3>{{env.npm_package_description}}</h3>\\n\\","<!-- utility2-comment\\n\\","<h4><a download href=\"assets.app.js\">download standalone app</a></h4>\\n\\","<button class=\"onclick onreset\" id=\"testRunButton1\">run internal test</button><br>\\n\\","<div id=\"testReportDiv1\" style=\"display: none;\"></div>\\n\\","utility2-comment -->\\n\\","\\n\\","\\n\\","\\n\\","<label>stderr and stdout</label>\\n\\","<textarea class=\"resettable\" id=\"outputTextareaStdout1\" readonly></textarea>\\n\\","<!-- utility2-comment\\n\\","{{#if isRollup}}\\n\\","<script src=\"assets.app.js\"></script>\\n\\","{{#unless isRollup}}\\n\\","utility2-comment -->\\n\\","<script src=\"assets.utility2.rollup.js\"></script>\\n\\","<script src=\"jsonp.utility2._stateInit?callback=window.utility2._stateInit\"></script>\\n\\","<script src=\"assets.npmtest_expect_js.rollup.js\"></script>\\n\\","<script src=\"assets.example.js\"></script>\\n\\","<script src=\"assets.test.js\"></script>\\n\\","<!-- utility2-comment\\n\\","{{/if isRollup}}\\n\\","utility2-comment -->\\n\\","<div class=\"utility2FooterDiv\">\\n\\","    [ this app was created with\\n\\","    <a href=\"https://github.com/kaizhu256/node-utility2\" target=\"_blank\">utility2</a>\\n\\","    ]\\n\\","</div>\\n\\","</body>\\n\\","</html>\\n\\","';","        /* jslint-ignore-end */","        if (local.templateRender) {","            local.assetsDict['/'] = local.templateRender(","                local.assetsDict['/assets.index.template.html'],","                {","                    env: local.objectSetDefault(local.env, {","                        npm_package_description: 'the greatest app in the world!',","                        npm_package_name: 'my-app',","                        npm_package_nameAlias: 'my_app',","                        npm_package_version: '0.0.1'","                    })","                }","            );","        } else {","            local.assetsDict['/'] = local.assetsDict['/assets.index.template.html']","                .replace((/\\{\\{env\\.(\\w+?)\\}\\}/g), function (match0, match1) {","                    // jslint-hack","                    String(match0);","                    switch (match1) {","                    case 'npm_package_description':","                        return 'the greatest app in the world!';","                    case 'npm_package_name':","                        return 'my-app';","                    case 'npm_package_nameAlias':","                        return 'my_app';","                    case 'npm_package_version':","                        return '0.0.1';","                    }","                });","        }","        // run the cli","        if (local.global.utility2_rollup || module !== require.main) {","            break;","        }","        local.assetsDict['/assets.example.js'] =","            local.assetsDict['/assets.example.js'] ||","            local.fs.readFileSync(__filename, 'utf8');","        // bug-workaround - long $npm_package_buildCustomOrg","        /* jslint-ignore-begin */","        local.assetsDict['/assets.npmtest_expect_js.rollup.js'] =","            local.assetsDict['/assets.npmtest_expect_js.rollup.js'] ||","            local.fs.readFileSync(","                local.npmtest_expect_js.__dirname + '/lib.npmtest_expect_js.js',","                'utf8'","            ).replace((/^#!/), '//');","        /* jslint-ignore-end */","        local.assetsDict['/favicon.ico'] = local.assetsDict['/favicon.ico'] || '';","        // if $npm_config_timeout_exit exists,","        // then exit this process after $npm_config_timeout_exit ms","        if (Number(process.env.npm_config_timeout_exit)) {","            setTimeout(process.exit, Number(process.env.npm_config_timeout_exit));","        }","        // start server","        if (local.global.utility2_serverHttp1) {","            break;","        }","        process.env.PORT = process.env.PORT || '8081';","        console.error('server starting on port ' + process.env.PORT);","        local.http.createServer(function (request, response) {","            request.urlParsed = local.url.parse(request.url);","            if (local.assetsDict[request.urlParsed.pathname] !== undefined) {","                response.end(local.assetsDict[request.urlParsed.pathname]);","                return;","            }","            response.statusCode = 404;","            response.end();","        }).listen(process.env.PORT);","        break;","    }","}());",""],"l":{"26":2,"28":2,"33":2,"35":2,"37":2,"38":2,"39":2,"44":1,"51":2,"55":2,"59":2,"61":2,"69":1,"70":2,"76":2,"79":2,"82":2,"83":2,"85":1,"89":2,"92":1,"93":1,"94":1,"96":1,"97":1,"100":1,"101":1,"103":1,"106":1,"108":2,"114":1,"116":1,"118":1,"123":1,"124":2,"125":2,"126":3,"127":3,"128":3,"129":3,"130":1,"133":3,"134":3,"139":3,"143":1,"144":3,"145":1,"149":1,"150":1,"158":1,"160":1,"161":1,"162":1,"164":1,"166":1,"258":1,"259":1,"271":1,"274":6,"275":6,"277":1,"279":2,"281":1,"283":2,"288":1,"289":1,"291":1,"296":1,"303":1,"306":1,"307":1,"310":1,"311":1,"313":1,"314":1,"315":1,"316":1,"317":1,"318":1,"319":1,"321":1,"322":1,"324":1}},"/home/travis/build/npmtest/node-npmtest-expect.js/node_modules/expect.js/index.js":{"path":"/home/travis/build/npmtest/node-npmtest-expect.js/node_modules/expect.js/index.js","s":{"1":1,"2":1,"3":1,"4":1,"5":1,"6":1,"7":1,"8":0,"9":1,"10":0,"11":0,"12":0,"13":0,"14":0,"15":0,"16":0,"17":0,"18":0,"19":0,"20":0,"21":0,"22":0,"23":0,"24":0,"25":0,"26":0,"27":0,"28":0,"29":0,"30":0,"31":1,"32":0,"33":0,"34":0,"35":0,"36":0,"37":0,"38":0,"39":0,"40":0,"41":1,"42":0,"43":0,"44":0,"45":1,"46":0,"47":0,"48":0,"49":0,"50":0,"51":1,"52":0,"53":0,"54":0,"55":0,"56":0,"57":0,"58":0,"59":0,"60":0,"61":0,"62":0,"63":0,"64":0,"65":0,"66":0,"67":0,"68":0,"69":0,"70":1,"71":0,"72":0,"73":0,"74":0,"75":0,"76":0,"77":0,"78":0,"79":0,"80":0,"81":0,"82":0,"83":0,"84":1,"85":0,"86":0,"87":0,"88":0,"89":1,"90":0,"91":0,"92":0,"93":0,"94":1,"95":0,"96":0,"97":0,"98":0,"99":0,"100":1,"101":0,"102":0,"103":0,"104":0,"105":0,"106":0,"107":0,"108":0,"109":0,"110":0,"111":1,"112":0,"113":0,"114":0,"115":0,"116":1,"117":0,"118":0,"119":0,"120":0,"121":1,"122":0,"123":0,"124":0,"125":0,"126":1,"127":0,"128":0,"129":0,"130":0,"131":0,"132":0,"133":1,"134":0,"135":0,"136":0,"137":0,"138":0,"139":0,"140":0,"141":0,"142":0,"143":0,"144":0,"145":0,"146":0,"147":0,"148":0,"149":0,"150":0,"151":0,"152":0,"153":0,"154":0,"155":1,"156":0,"157":0,"158":0,"159":0,"160":0,"161":0,"162":0,"163":0,"164":1,"165":0,"166":0,"167":0,"168":0,"169":0,"170":0,"171":0,"172":0,"173":0,"174":0,"175":0,"176":0,"177":0,"178":0,"179":0,"180":0,"181":0,"182":0,"183":0,"184":0,"185":0,"186":1,"187":0,"188":0,"189":0,"190":0,"191":1,"192":0,"193":0,"194":1,"195":0,"196":0,"197":0,"198":0,"199":0,"200":1,"201":0,"202":0,"203":0,"204":0,"205":0,"206":0,"207":1,"208":0,"209":0,"210":0,"211":0,"212":0,"213":0,"214":0,"215":0,"216":0,"217":0,"218":0,"219":0,"220":1,"221":0,"222":0,"223":0,"224":1,"225":0,"226":1,"227":0,"228":1,"229":0,"230":0,"231":0,"232":0,"233":0,"234":0,"235":0,"236":0,"237":0,"238":0,"239":0,"240":0,"241":0,"242":0,"243":0,"244":0,"245":0,"246":0,"247":0,"248":0,"249":0,"250":0,"251":0,"252":0,"253":0,"254":0,"255":0,"256":0,"257":0,"258":0,"259":0,"260":0,"261":0,"262":0,"263":0,"264":0,"265":0,"266":0,"267":0,"268":0,"269":0,"270":0,"271":0,"272":0,"273":0,"274":0,"275":0,"276":0,"277":0,"278":0,"279":0,"280":0,"281":0,"282":0,"283":0,"284":0,"285":0,"286":0,"287":0,"288":0,"289":0,"290":0,"291":0,"292":0,"293":0,"294":0,"295":0,"296":0,"297":0,"298":0,"299":0,"300":0,"301":0,"302":0,"303":0,"304":0,"305":0,"306":0,"307":0,"308":0,"309":0,"310":0,"311":0,"312":0,"313":0,"314":0,"315":0,"316":1,"317":1,"318":0,"319":1,"320":0,"321":0,"322":0,"323":0,"324":0,"325":1,"326":0,"327":1,"328":0,"329":0,"330":0,"331":0,"332":0,"333":0,"334":0,"335":1,"336":0,"337":0,"338":0,"339":0,"340":0,"341":0,"342":0,"343":1,"344":0,"345":0,"346":0,"347":0,"348":0,"349":0,"350":0,"351":0,"352":0,"353":0,"354":0,"355":0,"356":0,"357":0,"358":0,"359":0,"360":0,"361":0,"362":0,"363":0,"364":1,"365":0,"366":0,"367":0,"368":0,"369":0,"370":0,"371":0,"372":0,"373":0,"374":0,"375":0,"376":0,"377":0,"378":0,"379":0,"380":0,"381":1,"382":0,"383":1,"384":0,"385":1,"386":0,"387":1,"388":0,"389":0,"390":0,"391":0,"392":0,"393":0,"394":0,"395":0,"396":0,"397":0,"398":0,"399":0,"400":0,"401":0,"402":0,"403":0,"404":0,"405":0,"406":0,"407":0,"408":0,"409":0,"410":0,"411":0,"412":0,"413":1,"414":1,"415":0,"416":1,"417":1,"418":0,"419":1,"420":0,"421":1,"422":1,"423":0,"424":0,"425":0,"426":0,"427":1,"428":0,"429":0,"430":0,"431":0,"432":0,"433":0,"434":0,"435":0,"436":0,"437":0,"438":0,"439":0,"440":0,"441":0,"442":0,"443":0,"444":0,"445":0,"446":0,"447":0,"448":0,"449":0,"450":0,"451":0,"452":0,"453":0,"454":0,"455":0,"456":0,"457":0,"458":0,"459":0,"460":0,"461":0,"462":0,"463":0,"464":1,"465":0,"466":0,"467":0,"468":0,"469":0,"470":0,"471":0,"472":0,"473":0,"474":0,"475":0,"476":0,"477":1,"478":0,"479":1,"480":0,"481":0,"482":0,"483":0,"484":0,"485":0,"486":0,"487":0,"488":0,"489":0,"490":0,"491":0,"492":0,"493":0,"494":0,"495":0,"496":0,"497":0,"498":1,"499":1,"500":0},"b":{"1":[0,0],"2":[0,0],"3":[0,0],"4":[0,0],"5":[0,0],"6":[0,0],"7":[0,0],"8":[0,0],"9":[0,0],"10":[0,0],"11":[0,0],"12":[0,0],"13":[0,0],"14":[0,0],"15":[0,0],"16":[0,0],"17":[0,0],"18":[0,0],"19":[0,0],"20":[0,0],"21":[0,0,0],"22":[0,0],"23":[0,0],"24":[0,0],"25":[0,0],"26":[0,0],"27":[0,0],"28":[0,0],"29":[0,0],"30":[0,0],"31":[0,0],"32":[0,0],"33":[0,0],"34":[0,0],"35":[0,0],"36":[0,0],"37":[0,0],"38":[0,0],"39":[0,0],"40":[0,0],"41":[0,0],"42":[0,0],"43":[0,0],"44":[0,0],"45":[0,0],"46":[0,0],"47":[0,0],"48":[0,0],"49":[0,0],"50":[0,0],"51":[0,0],"52":[0,0],"53":[0,0],"54":[0,0],"55":[0,0],"56":[0,0,0,0],"57":[0,0],"58":[0,0,0,0],"59":[0,0],"60":[0,0,0,0],"61":[0,0],"62":[0,0],"63":[0,0],"64":[0,0],"65":[0,0],"66":[0,0],"67":[0,0],"68":[0,0],"69":[0,0],"70":[0,0],"71":[0,0],"72":[0,0],"73":[0,0],"74":[0,0],"75":[0,0],"76":[0,0],"77":[0,0],"78":[0,0],"79":[0,0],"80":[0,0],"81":[0,0],"82":[0,0],"83":[0,0],"84":[0,0],"85":[0,0],"86":[0,0],"87":[0,0],"88":[0,0],"89":[0,0],"90":[0,0],"91":[0,0],"92":[0,0],"93":[0,0],"94":[0,0],"95":[0,0],"96":[0,0],"97":[0,0,0,0,0,0,0],"98":[0,0],"99":[0,0],"100":[0,0],"101":[0,0],"102":[0,0],"103":[0,0],"104":[0,0],"105":[0,0],"106":[0,0],"107":[0,0],"108":[0,0],"109":[0,0],"110":[0,0],"111":[0,0],"112":[0,0,0],"113":[0,0],"114":[0,0],"115":[0,0],"116":[0,0],"117":[0,0],"118":[0,0],"119":[0,0],"120":[0,0],"121":[0,0],"122":[0,0,0,0],"123":[0,0],"124":[0,0],"125":[0,0],"126":[0,0],"127":[0,0],"128":[0,0],"129":[0,0],"130":[0,0],"131":[0,1],"132":[1,0,0],"133":[0,0],"134":[0,0],"135":[0,0],"136":[0,0],"137":[0,0],"138":[0,0],"139":[0,0,0,0,0],"140":[0,0],"141":[0,0],"142":[0,0],"143":[0,0],"144":[0,0],"145":[0,0],"146":[0,0],"147":[0,0],"148":[0,0],"149":[0,0],"150":[0,0],"151":[0,0],"152":[0,0],"153":[0,0],"154":[0,0],"155":[0,0],"156":[0,0],"157":[0,0],"158":[0,0],"159":[0,0,0,0],"160":[0,0],"161":[0,0],"162":[0,0],"163":[0,0],"164":[0,0],"165":[0,0],"166":[0,0],"167":[0,1],"168":[1,0]},"f":{"1":1,"2":0,"3":0,"4":0,"5":0,"6":0,"7":0,"8":0,"9":0,"10":0,"11":0,"12":0,"13":0,"14":0,"15":0,"16":0,"17":0,"18":0,"19":0,"20":0,"21":0,"22":0,"23":0,"24":0,"25":0,"26":0,"27":0,"28":0,"29":0,"30":0,"31":0,"32":0,"33":0,"34":0,"35":0,"36":0,"37":0,"38":0,"39":0,"40":0,"41":0,"42":0,"43":0,"44":0,"45":0,"46":0,"47":0,"48":0,"49":0,"50":0,"51":0,"52":0,"53":0,"54":0,"55":0,"56":0,"57":0,"58":0,"59":0,"60":0,"61":0,"62":0,"63":0,"64":0,"65":0,"66":0,"67":0,"68":0,"69":0,"70":0,"71":0,"72":0,"73":0,"74":0,"75":0,"76":0,"77":0,"78":0,"79":0,"80":0,"81":0,"82":0,"83":0,"84":0,"85":0,"86":1,"87":0,"88":0,"89":0,"90":0,"91":0,"92":0,"93":0,"94":0,"95":0},"fnMap":{"1":{"name":"(anonymous_1)","line":1,"loc":{"start":{"line":1,"column":1},"end":{"line":1,"column":27}}},"2":{"name":"expect","line":30,"loc":{"start":{"line":30,"column":2},"end":{"line":30,"column":24}}},"3":{"name":"Assertion","line":40,"loc":{"start":{"line":40,"column":2},"end":{"line":40,"column":41}}},"4":{"name":"(anonymous_4)","line":68,"loc":{"start":{"line":68,"column":23},"end":{"line":68,"column":35}}},"5":{"name":"(anonymous_5)","line":90,"loc":{"start":{"line":90,"column":31},"end":{"line":90,"column":70}}},"6":{"name":"(anonymous_6)","line":114,"loc":{"start":{"line":114,"column":27},"end":{"line":114,"column":39}}},"7":{"name":"(anonymous_7)","line":117,"loc":{"start":{"line":117,"column":8},"end":{"line":117,"column":18}}},"8":{"name":"(anonymous_8)","line":118,"loc":{"start":{"line":118,"column":8},"end":{"line":118,"column":18}}},"9":{"name":"(anonymous_9)","line":127,"loc":{"start":{"line":127,"column":33},"end":{"line":127,"column":44}}},"10":{"name":"(anonymous_10)","line":131,"loc":{"start":{"line":131,"column":18},"end":{"line":131,"column":29}}},"11":{"name":"(anonymous_11)","line":142,"loc":{"start":{"line":142,"column":39},"end":{"line":142,"column":53}}},"12":{"name":"(anonymous_12)","line":173,"loc":{"start":{"line":173,"column":8},"end":{"line":173,"column":18}}},"13":{"name":"(anonymous_13)","line":174,"loc":{"start":{"line":174,"column":8},"end":{"line":174,"column":18}}},"14":{"name":"(anonymous_14)","line":183,"loc":{"start":{"line":183,"column":30},"end":{"line":183,"column":42}}},"15":{"name":"(anonymous_15)","line":203,"loc":{"start":{"line":203,"column":8},"end":{"line":203,"column":18}}},"16":{"name":"(anonymous_16)","line":204,"loc":{"start":{"line":204,"column":8},"end":{"line":204,"column":18}}},"17":{"name":"(anonymous_17)","line":215,"loc":{"start":{"line":215,"column":30},"end":{"line":215,"column":45}}},"18":{"name":"(anonymous_18)","line":218,"loc":{"start":{"line":218,"column":8},"end":{"line":218,"column":18}}},"19":{"name":"(anonymous_19)","line":219,"loc":{"start":{"line":219,"column":8},"end":{"line":219,"column":18}}},"20":{"name":"(anonymous_20)","line":229,"loc":{"start":{"line":229,"column":28},"end":{"line":229,"column":43}}},"21":{"name":"(anonymous_21)","line":232,"loc":{"start":{"line":232,"column":8},"end":{"line":232,"column":18}}},"22":{"name":"(anonymous_22)","line":233,"loc":{"start":{"line":233,"column":8},"end":{"line":233,"column":18}}},"23":{"name":"(anonymous_23)","line":246,"loc":{"start":{"line":246,"column":31},"end":{"line":246,"column":56}}},"24":{"name":"(anonymous_24)","line":250,"loc":{"start":{"line":250,"column":8},"end":{"line":250,"column":18}}},"25":{"name":"(anonymous_25)","line":251,"loc":{"start":{"line":251,"column":8},"end":{"line":251,"column":18}}},"26":{"name":"(anonymous_26)","line":262,"loc":{"start":{"line":262,"column":27},"end":{"line":262,"column":43}}},"27":{"name":"(anonymous_27)","line":274,"loc":{"start":{"line":274,"column":10},"end":{"line":274,"column":20}}},"28":{"name":"(anonymous_28)","line":275,"loc":{"start":{"line":275,"column":10},"end":{"line":275,"column":20}}},"29":{"name":"(anonymous_29)","line":281,"loc":{"start":{"line":281,"column":10},"end":{"line":281,"column":20}}},"30":{"name":"(anonymous_30)","line":282,"loc":{"start":{"line":282,"column":10},"end":{"line":282,"column":20}}},"31":{"name":"(anonymous_31)","line":296,"loc":{"start":{"line":296,"column":30},"end":{"line":296,"column":43}}},"32":{"name":"(anonymous_32)","line":299,"loc":{"start":{"line":299,"column":8},"end":{"line":299,"column":18}}},"33":{"name":"(anonymous_33)","line":300,"loc":{"start":{"line":300,"column":8},"end":{"line":300,"column":18}}},"34":{"name":"(anonymous_34)","line":312,"loc":{"start":{"line":312,"column":30},"end":{"line":312,"column":43}}},"35":{"name":"(anonymous_35)","line":315,"loc":{"start":{"line":315,"column":8},"end":{"line":315,"column":18}}},"36":{"name":"(anonymous_36)","line":316,"loc":{"start":{"line":316,"column":8},"end":{"line":316,"column":18}}},"37":{"name":"(anonymous_37)","line":327,"loc":{"start":{"line":327,"column":30},"end":{"line":327,"column":48}}},"38":{"name":"(anonymous_38)","line":330,"loc":{"start":{"line":330,"column":8},"end":{"line":330,"column":18}}},"39":{"name":"(anonymous_39)","line":331,"loc":{"start":{"line":331,"column":8},"end":{"line":331,"column":18}}},"40":{"name":"(anonymous_40)","line":342,"loc":{"start":{"line":342,"column":31},"end":{"line":342,"column":44}}},"41":{"name":"(anonymous_41)","line":347,"loc":{"start":{"line":347,"column":8},"end":{"line":347,"column":18}}},"42":{"name":"(anonymous_42)","line":348,"loc":{"start":{"line":348,"column":8},"end":{"line":348,"column":18}}},"43":{"name":"(anonymous_43)","line":360,"loc":{"start":{"line":360,"column":33},"end":{"line":360,"column":54}}},"44":{"name":"(anonymous_44)","line":364,"loc":{"start":{"line":364,"column":10},"end":{"line":364,"column":20}}},"45":{"name":"(anonymous_45)","line":365,"loc":{"start":{"line":365,"column":10},"end":{"line":365,"column":20}}},"46":{"name":"(anonymous_46)","line":383,"loc":{"start":{"line":383,"column":10},"end":{"line":383,"column":20}}},"47":{"name":"(anonymous_47)","line":384,"loc":{"start":{"line":384,"column":10},"end":{"line":384,"column":20}}},"48":{"name":"(anonymous_48)","line":390,"loc":{"start":{"line":390,"column":10},"end":{"line":390,"column":20}}},"49":{"name":"(anonymous_49)","line":392,"loc":{"start":{"line":392,"column":10},"end":{"line":392,"column":20}}},"50":{"name":"(anonymous_50)","line":408,"loc":{"start":{"line":408,"column":32},"end":{"line":408,"column":47}}},"51":{"name":"(anonymous_51)","line":412,"loc":{"start":{"line":412,"column":10},"end":{"line":412,"column":20}}},"52":{"name":"(anonymous_52)","line":413,"loc":{"start":{"line":413,"column":10},"end":{"line":413,"column":20}}},"53":{"name":"(anonymous_53)","line":417,"loc":{"start":{"line":417,"column":10},"end":{"line":417,"column":20}}},"54":{"name":"(anonymous_54)","line":418,"loc":{"start":{"line":418,"column":10},"end":{"line":418,"column":20}}},"55":{"name":"(anonymous_55)","line":432,"loc":{"start":{"line":432,"column":29},"end":{"line":432,"column":46}}},"56":{"name":"(anonymous_56)","line":446,"loc":{"start":{"line":446,"column":22},"end":{"line":446,"column":37}}},"57":{"name":"(anonymous_57)","line":457,"loc":{"start":{"line":457,"column":25},"end":{"line":457,"column":40}}},"58":{"name":"(anonymous_58)","line":475,"loc":{"start":{"line":475,"column":8},"end":{"line":475,"column":18}}},"59":{"name":"(anonymous_59)","line":476,"loc":{"start":{"line":476,"column":8},"end":{"line":476,"column":18}}},"60":{"name":"(anonymous_60)","line":487,"loc":{"start":{"line":487,"column":29},"end":{"line":487,"column":44}}},"61":{"name":"(anonymous_61)","line":488,"loc":{"start":{"line":488,"column":16},"end":{"line":488,"column":27}}},"62":{"name":"bind","line":497,"loc":{"start":{"line":497,"column":2},"end":{"line":497,"column":28}}},"63":{"name":"(anonymous_63)","line":498,"loc":{"start":{"line":498,"column":11},"end":{"line":498,"column":23}}},"64":{"name":"every","line":510,"loc":{"start":{"line":510,"column":2},"end":{"line":510,"column":36}}},"65":{"name":"indexOf","line":527,"loc":{"start":{"line":527,"column":2},"end":{"line":527,"column":31}}},"66":{"name":"(anonymous_66)","line":543,"loc":{"start":{"line":543,"column":21},"end":{"line":543,"column":39}}},"67":{"name":"(anonymous_67)","line":560,"loc":{"start":{"line":560,"column":21},"end":{"line":560,"column":39}}},"68":{"name":"i","line":578,"loc":{"start":{"line":578,"column":2},"end":{"line":578,"column":38}}},"69":{"name":"stylize","line":581,"loc":{"start":{"line":581,"column":4},"end":{"line":581,"column":27}}},"70":{"name":"format","line":585,"loc":{"start":{"line":585,"column":4},"end":{"line":585,"column":42}}},"71":{"name":"(anonymous_71)","line":683,"loc":{"start":{"line":683,"column":30},"end":{"line":683,"column":45}}},"72":{"name":"(anonymous_72)","line":710,"loc":{"start":{"line":710,"column":43},"end":{"line":710,"column":59}}},"73":{"name":"(anonymous_73)","line":714,"loc":{"start":{"line":714,"column":50},"end":{"line":714,"column":66}}},"74":{"name":"(anonymous_74)","line":745,"loc":{"start":{"line":745,"column":34},"end":{"line":745,"column":55}}},"75":{"name":"isArray","line":770,"loc":{"start":{"line":770,"column":2},"end":{"line":770,"column":24}}},"76":{"name":"isRegExp","line":774,"loc":{"start":{"line":774,"column":2},"end":{"line":774,"column":24}}},"77":{"name":"isDate","line":792,"loc":{"start":{"line":792,"column":2},"end":{"line":792,"column":21}}},"78":{"name":"keys","line":796,"loc":{"start":{"line":796,"column":2},"end":{"line":796,"column":22}}},"79":{"name":"map","line":812,"loc":{"start":{"line":812,"column":2},"end":{"line":812,"column":35}}},"80":{"name":"reduce","line":826,"loc":{"start":{"line":826,"column":2},"end":{"line":826,"column":29}}},"81":{"name":"eql","line":874,"loc":{"start":{"line":874,"column":15},"end":{"line":874,"column":46}}},"82":{"name":"isUndefinedOrNull","line":912,"loc":{"start":{"line":912,"column":2},"end":{"line":912,"column":37}}},"83":{"name":"isArguments","line":916,"loc":{"start":{"line":916,"column":2},"end":{"line":916,"column":32}}},"84":{"name":"regExpEquiv","line":920,"loc":{"start":{"line":920,"column":2},"end":{"line":920,"column":30}}},"85":{"name":"objEquiv","line":925,"loc":{"start":{"line":925,"column":2},"end":{"line":925,"column":27}}},"86":{"name":"(anonymous_86)","line":968,"loc":{"start":{"line":968,"column":14},"end":{"line":968,"column":26}}},"87":{"name":"f","line":980,"loc":{"start":{"line":980,"column":4},"end":{"line":980,"column":18}}},"88":{"name":"date","line":985,"loc":{"start":{"line":985,"column":4},"end":{"line":985,"column":26}}},"89":{"name":"quote","line":1011,"loc":{"start":{"line":1011,"column":4},"end":{"line":1011,"column":27}}},"90":{"name":"(anonymous_90)","line":1019,"loc":{"start":{"line":1019,"column":72},"end":{"line":1019,"column":85}}},"91":{"name":"str","line":1027,"loc":{"start":{"line":1027,"column":4},"end":{"line":1027,"column":30}}},"92":{"name":"(anonymous_92)","line":1152,"loc":{"start":{"line":1152,"column":21},"end":{"line":1152,"column":55}}},"93":{"name":"(anonymous_93)","line":1196,"loc":{"start":{"line":1196,"column":17},"end":{"line":1196,"column":42}}},"94":{"name":"walk","line":1202,"loc":{"start":{"line":1202,"column":8},"end":{"line":1202,"column":35}}},"95":{"name":"(anonymous_95)","line":1231,"loc":{"start":{"line":1231,"column":36},"end":{"line":1231,"column":49}}}},"statementMap":{"1":{"start":{"line":1,"column":0},"end":{"line":1284,"column":2}},"2":{"start":{"line":3,"column":2},"end":{"line":3,"column":31}},"3":{"start":{"line":9,"column":2},"end":{"line":9,"column":26}},"4":{"start":{"line":10,"column":2},"end":{"line":10,"column":31}},"5":{"start":{"line":16,"column":2},"end":{"line":16,"column":27}},"6":{"start":{"line":22,"column":2},"end":{"line":28,"column":4}},"7":{"start":{"line":30,"column":2},"end":{"line":32,"column":3}},"8":{"start":{"line":31,"column":4},"end":{"line":31,"column":30}},"9":{"start":{"line":40,"column":2},"end":{"line":82,"column":3}},"10":{"start":{"line":41,"column":4},"end":{"line":41,"column":19}},"11":{"start":{"line":42,"column":4},"end":{"line":42,"column":20}},"12":{"start":{"line":44,"column":4},"end":{"line":52,"column":5}},"13":{"start":{"line":45,"column":6},"end":{"line":45,"column":30}},"14":{"start":{"line":47,"column":6},"end":{"line":51,"column":7}},"15":{"start":{"line":48,"column":8},"end":{"line":50,"column":9}},"16":{"start":{"line":49,"column":10},"end":{"line":49,"column":31}},"17":{"start":{"line":54,"column":4},"end":{"line":55,"column":20}},"18":{"start":{"line":57,"column":4},"end":{"line":81,"column":5}},"19":{"start":{"line":58,"column":6},"end":{"line":80,"column":7}},"20":{"start":{"line":60,"column":8},"end":{"line":60,"column":44}},"21":{"start":{"line":60,"column":35},"end":{"line":60,"column":44}},"22":{"start":{"line":62,"column":8},"end":{"line":63,"column":59}},"23":{"start":{"line":65,"column":8},"end":{"line":79,"column":9}},"24":{"start":{"line":67,"column":10},"end":{"line":67,"column":31}},"25":{"start":{"line":68,"column":10},"end":{"line":70,"column":12}},"26":{"start":{"line":69,"column":12},"end":{"line":69,"column":46}},"27":{"start":{"line":72,"column":10},"end":{"line":76,"column":11}},"28":{"start":{"line":73,"column":12},"end":{"line":75,"column":13}},"29":{"start":{"line":74,"column":14},"end":{"line":74,"column":62}},"30":{"start":{"line":78,"column":10},"end":{"line":78,"column":33}},"31":{"start":{"line":90,"column":2},"end":{"line":106,"column":4}},"32":{"start":{"line":91,"column":4},"end":{"line":93,"column":12}},"33":{"start":{"line":95,"column":4},"end":{"line":103,"column":5}},"34":{"start":{"line":96,"column":6},"end":{"line":96,"column":38}},"35":{"start":{"line":97,"column":6},"end":{"line":101,"column":7}},"36":{"start":{"line":98,"column":8},"end":{"line":98,"column":30}},"37":{"start":{"line":99,"column":8},"end":{"line":99,"column":32}},"38":{"start":{"line":100,"column":8},"end":{"line":100,"column":28}},"39":{"start":{"line":102,"column":6},"end":{"line":102,"column":16}},"40":{"start":{"line":105,"column":4},"end":{"line":105,"column":39}},"41":{"start":{"line":114,"column":2},"end":{"line":119,"column":4}},"42":{"start":{"line":115,"column":4},"end":{"line":118,"column":73}},"43":{"start":{"line":117,"column":20},"end":{"line":117,"column":71}},"44":{"start":{"line":118,"column":20},"end":{"line":118,"column":70}},"45":{"start":{"line":127,"column":2},"end":{"line":132,"column":4}},"46":{"start":{"line":128,"column":4},"end":{"line":128,"column":41}},"47":{"start":{"line":129,"column":4},"end":{"line":129,"column":22}},"48":{"start":{"line":130,"column":4},"end":{"line":130,"column":53}},"49":{"start":{"line":131,"column":4},"end":{"line":131,"column":56}},"50":{"start":{"line":131,"column":31},"end":{"line":131,"column":52}},"51":{"start":{"line":141,"column":2},"end":{"line":175,"column":4}},"52":{"start":{"line":143,"column":4},"end":{"line":143,"column":41}},"53":{"start":{"line":145,"column":4},"end":{"line":146,"column":29}},"54":{"start":{"line":148,"column":4},"end":{"line":162,"column":5}},"55":{"start":{"line":149,"column":6},"end":{"line":149,"column":17}},"56":{"start":{"line":151,"column":6},"end":{"line":160,"column":7}},"57":{"start":{"line":152,"column":8},"end":{"line":152,"column":59}},"58":{"start":{"line":153,"column":8},"end":{"line":157,"column":9}},"59":{"start":{"line":154,"column":10},"end":{"line":154,"column":43}},"60":{"start":{"line":156,"column":10},"end":{"line":156,"column":39}},"61":{"start":{"line":158,"column":13},"end":{"line":160,"column":7}},"62":{"start":{"line":159,"column":8},"end":{"line":159,"column":14}},"63":{"start":{"line":161,"column":6},"end":{"line":161,"column":20}},"64":{"start":{"line":164,"column":4},"end":{"line":168,"column":5}},"65":{"start":{"line":167,"column":6},"end":{"line":167,"column":29}},"66":{"start":{"line":170,"column":4},"end":{"line":170,"column":37}},"67":{"start":{"line":171,"column":4},"end":{"line":174,"column":80}},"68":{"start":{"line":173,"column":20},"end":{"line":173,"column":73}},"69":{"start":{"line":174,"column":20},"end":{"line":174,"column":77}},"70":{"start":{"line":183,"column":2},"end":{"line":206,"column":4}},"71":{"start":{"line":184,"column":4},"end":{"line":184,"column":20}},"72":{"start":{"line":186,"column":4},"end":{"line":199,"column":5}},"73":{"start":{"line":187,"column":6},"end":{"line":191,"column":7}},"74":{"start":{"line":188,"column":8},"end":{"line":188,"column":39}},"75":{"start":{"line":190,"column":8},"end":{"line":190,"column":45}},"76":{"start":{"line":193,"column":6},"end":{"line":195,"column":7}},"77":{"start":{"line":194,"column":8},"end":{"line":194,"column":44}},"78":{"start":{"line":197,"column":6},"end":{"line":197,"column":50}},"79":{"start":{"line":198,"column":6},"end":{"line":198,"column":37}},"80":{"start":{"line":201,"column":4},"end":{"line":204,"column":77}},"81":{"start":{"line":203,"column":20},"end":{"line":203,"column":70}},"82":{"start":{"line":204,"column":20},"end":{"line":204,"column":74}},"83":{"start":{"line":205,"column":4},"end":{"line":205,"column":16}},"84":{"start":{"line":214,"column":2},"end":{"line":221,"column":4}},"85":{"start":{"line":216,"column":4},"end":{"line":219,"column":84}},"86":{"start":{"line":218,"column":20},"end":{"line":218,"column":77}},"87":{"start":{"line":219,"column":20},"end":{"line":219,"column":81}},"88":{"start":{"line":220,"column":4},"end":{"line":220,"column":16}},"89":{"start":{"line":229,"column":2},"end":{"line":236,"column":4}},"90":{"start":{"line":230,"column":4},"end":{"line":234,"column":13}},"91":{"start":{"line":232,"column":20},"end":{"line":232,"column":85}},"92":{"start":{"line":233,"column":20},"end":{"line":233,"column":89}},"93":{"start":{"line":235,"column":4},"end":{"line":235,"column":16}},"94":{"start":{"line":246,"column":2},"end":{"line":253,"column":4}},"95":{"start":{"line":247,"column":4},"end":{"line":247,"column":38}},"96":{"start":{"line":248,"column":4},"end":{"line":251,"column":87}},"97":{"start":{"line":250,"column":20},"end":{"line":250,"column":80}},"98":{"start":{"line":251,"column":20},"end":{"line":251,"column":84}},"99":{"start":{"line":252,"column":4},"end":{"line":252,"column":16}},"100":{"start":{"line":261,"column":2},"end":{"line":286,"column":4}},"101":{"start":{"line":263,"column":4},"end":{"line":283,"column":5}},"102":{"start":{"line":265,"column":6},"end":{"line":265,"column":47}},"103":{"start":{"line":268,"column":6},"end":{"line":275,"column":92}},"104":{"start":{"line":274,"column":22},"end":{"line":274,"column":85}},"105":{"start":{"line":275,"column":22},"end":{"line":275,"column":89}},"106":{"start":{"line":278,"column":6},"end":{"line":278,"column":53}},"107":{"start":{"line":279,"column":6},"end":{"line":282,"column":96}},"108":{"start":{"line":281,"column":22},"end":{"line":281,"column":89}},"109":{"start":{"line":282,"column":22},"end":{"line":282,"column":93}},"110":{"start":{"line":285,"column":4},"end":{"line":285,"column":16}},"111":{"start":{"line":295,"column":2},"end":{"line":302,"column":4}},"112":{"start":{"line":297,"column":4},"end":{"line":300,"column":78}},"113":{"start":{"line":299,"column":20},"end":{"line":299,"column":75}},"114":{"start":{"line":300,"column":20},"end":{"line":300,"column":75}},"115":{"start":{"line":301,"column":4},"end":{"line":301,"column":16}},"116":{"start":{"line":311,"column":2},"end":{"line":318,"column":4}},"117":{"start":{"line":313,"column":4},"end":{"line":316,"column":78}},"118":{"start":{"line":315,"column":20},"end":{"line":315,"column":75}},"119":{"start":{"line":316,"column":20},"end":{"line":316,"column":75}},"120":{"start":{"line":317,"column":4},"end":{"line":317,"column":16}},"121":{"start":{"line":327,"column":2},"end":{"line":333,"column":4}},"122":{"start":{"line":328,"column":4},"end":{"line":331,"column":84}},"123":{"start":{"line":330,"column":20},"end":{"line":330,"column":77}},"124":{"start":{"line":331,"column":20},"end":{"line":331,"column":81}},"125":{"start":{"line":332,"column":4},"end":{"line":332,"column":16}},"126":{"start":{"line":342,"column":2},"end":{"line":350,"column":4}},"127":{"start":{"line":343,"column":4},"end":{"line":343,"column":48}},"128":{"start":{"line":344,"column":4},"end":{"line":344,"column":30}},"129":{"start":{"line":345,"column":4},"end":{"line":348,"column":92}},"130":{"start":{"line":347,"column":20},"end":{"line":347,"column":103}},"131":{"start":{"line":348,"column":20},"end":{"line":348,"column":89}},"132":{"start":{"line":349,"column":4},"end":{"line":349,"column":16}},"133":{"start":{"line":360,"column":2},"end":{"line":398,"column":4}},"134":{"start":{"line":361,"column":4},"end":{"line":367,"column":5}},"135":{"start":{"line":362,"column":6},"end":{"line":365,"column":99}},"136":{"start":{"line":364,"column":22},"end":{"line":364,"column":92}},"137":{"start":{"line":365,"column":22},"end":{"line":365,"column":96}},"138":{"start":{"line":366,"column":6},"end":{"line":366,"column":18}},"139":{"start":{"line":369,"column":4},"end":{"line":385,"column":5}},"140":{"start":{"line":370,"column":6},"end":{"line":372,"column":7}},"141":{"start":{"line":371,"column":8},"end":{"line":371,"column":69}},"142":{"start":{"line":374,"column":6},"end":{"line":374,"column":18}},"143":{"start":{"line":375,"column":6},"end":{"line":379,"column":7}},"144":{"start":{"line":376,"column":8},"end":{"line":376,"column":34}},"145":{"start":{"line":378,"column":8},"end":{"line":378,"column":46}},"146":{"start":{"line":381,"column":6},"end":{"line":384,"column":97}},"147":{"start":{"line":383,"column":22},"end":{"line":383,"column":90}},"148":{"start":{"line":384,"column":22},"end":{"line":384,"column":94}},"149":{"start":{"line":387,"column":4},"end":{"line":394,"column":5}},"150":{"start":{"line":388,"column":6},"end":{"line":393,"column":31}},"151":{"start":{"line":390,"column":22},"end":{"line":391,"column":63}},"152":{"start":{"line":392,"column":22},"end":{"line":393,"column":28}},"153":{"start":{"line":396,"column":4},"end":{"line":396,"column":30}},"154":{"start":{"line":397,"column":4},"end":{"line":397,"column":16}},"155":{"start":{"line":407,"column":2},"end":{"line":421,"column":4}},"156":{"start":{"line":409,"column":4},"end":{"line":419,"column":5}},"157":{"start":{"line":410,"column":6},"end":{"line":413,"column":88}},"158":{"start":{"line":412,"column":22},"end":{"line":412,"column":81}},"159":{"start":{"line":413,"column":22},"end":{"line":413,"column":85}},"160":{"start":{"line":415,"column":6},"end":{"line":418,"column":88}},"161":{"start":{"line":417,"column":22},"end":{"line":417,"column":81}},"162":{"start":{"line":418,"column":22},"end":{"line":418,"column":85}},"163":{"start":{"line":420,"column":4},"end":{"line":420,"column":16}},"164":{"start":{"line":431,"column":2},"end":{"line":479,"column":4}},"165":{"start":{"line":433,"column":4},"end":{"line":434,"column":18}},"166":{"start":{"line":436,"column":4},"end":{"line":438,"column":46}},"167":{"start":{"line":440,"column":4},"end":{"line":440,"column":56}},"168":{"start":{"line":440,"column":23},"end":{"line":440,"column":56}},"169":{"start":{"line":442,"column":4},"end":{"line":443,"column":27}},"170":{"start":{"line":446,"column":4},"end":{"line":448,"column":7}},"171":{"start":{"line":447,"column":6},"end":{"line":447,"column":35}},"172":{"start":{"line":451,"column":4},"end":{"line":453,"column":5}},"173":{"start":{"line":452,"column":6},"end":{"line":452,"column":47}},"174":{"start":{"line":456,"column":4},"end":{"line":464,"column":5}},"175":{"start":{"line":457,"column":6},"end":{"line":459,"column":9}},"176":{"start":{"line":458,"column":8},"end":{"line":458,"column":22}},"177":{"start":{"line":460,"column":6},"end":{"line":460,"column":29}},"178":{"start":{"line":461,"column":6},"end":{"line":461,"column":47}},"179":{"start":{"line":463,"column":6},"end":{"line":463,"column":24}},"180":{"start":{"line":467,"column":4},"end":{"line":467,"column":45}},"181":{"start":{"line":470,"column":4},"end":{"line":4
[...]
.call(that, arr[i], i, arr);","","    return other;","  }","","  function reduce (arr, fun) {","    if (Array.prototype.reduce) {","      return Array.prototype.reduce.apply(","          arr","        , Array.prototype.slice.call(arguments, 1)","      );","    }","","    var len = +this.length;","","    if (typeof fun !== \"function\")","      throw new TypeError();","","    // no value to return if no initial value and an empty array","    if (len === 0 && arguments.length === 1)","      throw new TypeError();","","    var i = 0;","    if (arguments.length >= 2) {","      var rv = arguments[1];","    } else {","      do {","        if (i in this) {","          rv = this[i++];","          break;","        }","","        // if array contains no values, no initial value to return","        if (++i >= len)","          throw new TypeError();","      } while (true);","    }","","    for (; i < len; i++) {","      if (i in this)","        rv = fun.call(null, rv, this[i], i, this);","    }","","    return rv;","  }","","  /**","   * Asserts deep equality","   *","   * @see taken from node.js `assert` module (copyright Joyent, MIT license)","   * @api private","   */","","  expect.eql = function eql(actual, expected) {","    // 7.1. All identical values are equivalent, as determined by ===.","    if (actual === expected) {","      return true;","    } else if ('undefined' != typeof Buffer","      && Buffer.isBuffer(actual) && Buffer.isBuffer(expected)) {","      if (actual.length != expected.length) return false;","","      for (var i = 0; i < actual.length; i++) {","        if (actual[i] !== expected[i]) return false;","      }","","      return true;","","      // 7.2. If the expected value is a Date object, the actual value is","      // equivalent if it is also a Date object that refers to the same time.","    } else if (actual instanceof Date && expected instanceof Date) {","      return actual.getTime() === expected.getTime();","","      // 7.3. Other pairs that do not both pass typeof value == \"object\",","      // equivalence is determined by ==.","    } else if (typeof actual != 'object' && typeof expected != 'object') {","      return actual == expected;","    // If both are regular expression use the special `regExpEquiv` method","    // to determine equivalence.","    } else if (isRegExp(actual) && isRegExp(expected)) {","      return regExpEquiv(actual, expected);","    // 7.4. For all other Object pairs, including Array objects, equivalence is","    // determined by having the same number of owned properties (as verified","    // with Object.prototype.hasOwnProperty.call), the same set of keys","    // (although not necessarily the same order), equivalent values for every","    // corresponding key, and an identical \"prototype\" property. Note: this","    // accounts for both named and indexed properties on Arrays.","    } else {","      return objEquiv(actual, expected);","    }","  };","","  function isUndefinedOrNull (value) {","    return value === null || value === undefined;","  }","","  function isArguments (object) {","    return Object.prototype.toString.call(object) == '[object Arguments]';","  }","","  function regExpEquiv (a, b) {","    return a.source === b.source && a.global === b.global &&","           a.ignoreCase === b.ignoreCase && a.multiline === b.multiline;","  }","","  function objEquiv (a, b) {","    if (isUndefinedOrNull(a) || isUndefinedOrNull(b))","      return false;","    // an identical \"prototype\" property.","    if (a.prototype !== b.prototype) return false;","    //~~~I've managed to break Object.keys through screwy arguments passing.","    //   Converting to array solves the problem.","    if (isArguments(a)) {","      if (!isArguments(b)) {","        return false;","      }","      a = pSlice.call(a);","      b = pSlice.call(b);","      return expect.eql(a, b);","    }","    try{","      var ka = keys(a),","        kb = keys(b),","        key, i;","    } catch (e) {//happens when one is a string literal and the other isn't","      return false;","    }","    // having the same number of owned properties (keys incorporates hasOwnProperty)","    if (ka.length != kb.length)","      return false;","    //the same set of keys (although not necessarily the same order),","    ka.sort();","    kb.sort();","    //~~~cheap key test","    for (i = ka.length - 1; i >= 0; i--) {","      if (ka[i] != kb[i])","        return false;","    }","    //equivalent values for every corresponding key, and","    //~~~possibly expensive deep test","    for (i = ka.length - 1; i >= 0; i--) {","      key = ka[i];","      if (!expect.eql(a[key], b[key]))","         return false;","    }","    return true;","  }","","  var json = (function () {","    \"use strict\";","","    if ('object' == typeof JSON && JSON.parse && JSON.stringify) {","      return {","          parse: nativeJSON.parse","        , stringify: nativeJSON.stringify","      }","    }","","    var JSON = {};","","    function f(n) {","        // Format integers to have at least two digits.","        return n < 10 ? '0' + n : n;","    }","","    function date(d, key) {","      return isFinite(d.valueOf()) ?","          d.getUTCFullYear()     + '-' +","          f(d.getUTCMonth() + 1) + '-' +","          f(d.getUTCDate())      + 'T' +","          f(d.getUTCHours())     + ':' +","          f(d.getUTCMinutes())   + ':' +","          f(d.getUTCSeconds())   + 'Z' : null;","    }","","    var cx = /[\\u0000\\u00ad\\u0600-\\u0604\\u070f\\u17b4\\u17b5\\u200c-\\u200f\\u2028-\\u202f\\u2060-\\u206f\\ufeff\\ufff0-\\uffff]/g,","        escapable = /[\\\\\\\"\\x00-\\x1f\\x7f-\\x9f\\u00ad\\u0600-\\u0604\\u070f\\u17b4\\u17b5\\u200c-\\u200f\\u2028-\\u202f\\u2060-\\u206f\\ufeff\\ufff0-\\uffff]/g,","        gap,","        indent,","        meta = {    // table of character substitutions","            '\\b': '\\\\b',","            '\\t': '\\\\t',","            '\\n': '\\\\n',","            '\\f': '\\\\f',","            '\\r': '\\\\r',","            '\"' : '\\\\\"',","            '\\\\': '\\\\\\\\'","        },","        rep;","","","    function quote(string) {","","  // If the string contains no control characters, no quote characters, and no","  // backslash characters, then we can safely slap some quotes around it.","  // Otherwise we must also replace the offending characters with safe escape","  // sequences.","","        escapable.lastIndex = 0;","        return escapable.test(string) ? '\"' + string.replace(escapable, function (a) {","            var c = meta[a];","            return typeof c === 'string' ? c :","                '\\\\u' + ('0000' + a.charCodeAt(0).toString(16)).slice(-4);","        }) + '\"' : '\"' + string + '\"';","    }","","","    function str(key, holder) {","","  // Produce a string from holder[key].","","        var i,          // The loop counter.","            k,          // The member key.","            v,          // The member value.","            length,","            mind = gap,","            partial,","            value = holder[key];","","  // If the value has a toJSON method, call it to obtain a replacement value.","","        if (value instanceof Date) {","            value = date(key);","        }","","  // If we were called with a replacer function, then call the replacer to","  // obtain a replacement value.","","        if (typeof rep === 'function') {","            value = rep.call(holder, key, value);","        }","","  // What happens next depends on the value's type.","","        switch (typeof value) {","        case 'string':","            return quote(value);","","        case 'number':","","  // JSON numbers must be finite. Encode non-finite numbers as null.","","            return isFinite(value) ? String(value) : 'null';","","        case 'boolean':","        case 'null':","","  // If the value is a boolean or null, convert it to a string. Note:","  // typeof null does not produce 'null'. The case is included here in","  // the remote chance that this gets fixed someday.","","            return String(value);","","  // If the type is 'object', we might be dealing with an object or an array or","  // null.","","        case 'object':","","  // Due to a specification blunder in ECMAScript, typeof null is 'object',","  // so watch out for that case.","","            if (!value) {","                return 'null';","            }","","  // Make an array to hold the partial results of stringifying this object value.","","            gap += indent;","            partial = [];","","  // Is the value an array?","","            if (Object.prototype.toString.apply(value) === '[object Array]') {","","  // The value is an array. Stringify every element. Use null as a placeholder","  // for non-JSON values.","","                length = value.length;","                for (i = 0; i < length; i += 1) {","                    partial[i] = str(i, value) || 'null';","                }","","  // Join all of the elements together, separated with commas, and wrap them in","  // brackets.","","                v = partial.length === 0 ? '[]' : gap ?","                    '[\\n' + gap + partial.join(',\\n' + gap) + '\\n' + mind + ']' :","                    '[' + partial.join(',') + ']';","                gap = mind;","                return v;","            }","","  // If the replacer is an array, use it to select the members to be stringified.","","            if (rep && typeof rep === 'object') {","                length = rep.length;","                for (i = 0; i < length; i += 1) {","                    if (typeof rep[i] === 'string') {","                        k = rep[i];","                        v = str(k, value);","                        if (v) {","                            partial.push(quote(k) + (gap ? ': ' : ':') + v);","                        }","                    }","                }","            } else {","","  // Otherwise, iterate through all of the keys in the object.","","                for (k in value) {","                    if (Object.prototype.hasOwnProperty.call(value, k)) {","                        v = str(k, value);","                        if (v) {","                            partial.push(quote(k) + (gap ? ': ' : ':') + v);","                        }","                    }","                }","            }","","  // Join all of the member texts together, separated with commas,","  // and wrap them in braces.","","            v = partial.length === 0 ? '{}' : gap ?","                '{\\n' + gap + partial.join(',\\n' + gap) + '\\n' + mind + '}' :","                '{' + partial.join(',') + '}';","            gap = mind;","            return v;","        }","    }","","  // If the JSON object does not yet have a stringify method, give it one.","","    JSON.stringify = function (value, replacer, space) {","","  // The stringify method takes a value and an optional replacer, and an optional","  // space parameter, and returns a JSON text. The replacer can be a function","  // that can replace values, or an array of strings that will select the keys.","  // A default replacer method can be provided. Use of the space parameter can","  // produce text that is more easily readable.","","        var i;","        gap = '';","        indent = '';","","  // If the space parameter is a number, make an indent string containing that","  // many spaces.","","        if (typeof space === 'number') {","            for (i = 0; i < space; i += 1) {","                indent += ' ';","            }","","  // If the space parameter is a string, it will be used as the indent string.","","        } else if (typeof space === 'string') {","            indent = space;","        }","","  // If there is a replacer, it must be a function or an array.","  // Otherwise, throw an error.","","        rep = replacer;","        if (replacer && typeof replacer !== 'function' &&","                (typeof replacer !== 'object' ||","                typeof replacer.length !== 'number')) {","            throw new Error('JSON.stringify');","        }","","  // Make a fake root object containing our value under the key of ''.","  // Return the result of stringifying the value.","","        return str('', {'': value});","    };","","  // If the JSON object does not yet have a parse method, give it one.","","    JSON.parse = function (text, reviver) {","    // The parse method takes a text and an optional reviver function, and returns","    // a JavaScript value if the text is a valid JSON text.","","        var j;","","        function walk(holder, key) {","","    // The walk method is used to recursively walk the resulting structure so","    // that modifications can be made.","","            var k, v, value = holder[key];","            if (value && typeof value === 'object') {","                for (k in value) {","                    if (Object.prototype.hasOwnProperty.call(value, k)) {","                        v = walk(value, k);","                        if (v !== undefined) {","                            value[k] = v;","                        } else {","                            delete value[k];","                        }","                    }","                }","            }","            return reviver.call(holder, key, value);","        }","","","    // Parsing happens in four stages. In the first stage, we replace certain","    // Unicode characters with escape sequences. JavaScript handles many characters","    // incorrectly, either silently deleting them, or treating them as line endings.","","        text = String(text);","        cx.lastIndex = 0;","        if (cx.test(text)) {","            text = text.replace(cx, function (a) {","                return '\\\\u' +","                    ('0000' + a.charCodeAt(0).toString(16)).slice(-4);","            });","        }","","    // In the second stage, we run the text against regular expressions that look","    // for non-JSON patterns. We are especially concerned with '()' and 'new'","    // because they can cause invocation, and '=' because it can cause mutation.","    // But just to be safe, we want to reject all unexpected forms.","","    // We split the second stage into 4 regexp operations in order to work around","    // crippling inefficiencies in IE's and Safari's regexp engines. First we","    // replace the JSON backslash pairs with '@' (a non-JSON character). Second, we","    // replace all simple value tokens with ']' characters. Third, we delete all","    // open brackets that follow a colon or comma or that begin the text. Finally,","    // we look to see that the remaining characters are only whitespace or ']' or","    // ',' or ':' or '{' or '}'. If that is so, then the text is safe for eval.","","        if (/^[\\],:{}\\s]*$/","                .test(text.replace(/\\\\(?:[\"\\\\\\/bfnrt]|u[0-9a-fA-F]{4})/g, '@')","                    .replace(/\"[^\"\\\\\\n\\r]*\"|true|false|null|-?\\d+(?:\\.\\d*)?(?:[eE][+\\-]?\\d+)?/g, ']')","                    .replace(/(?:^|:|,)(?:\\s*\\[)+/g, ''))) {","","    // In the third stage we use the eval function to compile the text into a","    // JavaScript structure. The '{' operator is subject to a syntactic ambiguity","    // in JavaScript: it can begin a block or an object literal. We wrap the text","    // in parens to eliminate the ambiguity.","","            j = eval('(' + text + ')');","","    // In the optional fourth stage, we recursively walk the new structure, passing","    // each name/value pair to a reviver function for possible transformation.","","            return typeof reviver === 'function' ?","                walk({'': j}, '') : j;","        }","","    // If the text is not JSON parseable, then a SyntaxError is thrown.","","        throw new SyntaxError('JSON.parse');","    };","","    return JSON;","  })();","","  if ('undefined' != typeof window) {","    window.expect = module.exports;","  }","","})(","    this","  , 'undefined' != typeof module ? module : {exports: {}}",");",""],"l":{"1":1,"3":1,"9":1,"10":1,"16":1,"22":1,"30":1,"31":0,"40":1,"41":0,"42":0,"44":0,"45":0,"47":0,"48":0,"49":0,"54":0,"57":0,"58":0,"60":0,"62":0,"65":0,"67":0,"68":0,"69":0,"72":0,"73":0,"74":0,"78":0,"90":1,"91":0,"95":0,"96":0,"97":0,"98":0,"99":0,"100":0,"102":0,"105":0,"114":1,"115":0,"117":0,"118":0,"127":1,"128":0,"129":0,"130":0,"131":0,"141":1,"143":0,"145":0,"148":0,"149":0,"151":0,"152":0,"153":0,"154":0,"156":0,"158":0,"159":0,"161":0,"164":0,"167":0,"170":0,"171":0,"173":0,"174":0,"183":1,"184":0,"186":0,"187":0,"188":0,"190":0,"193":0,"194":0,"197":0,"198":0,"201":0,"203":0,"204":0,"205":0,"214":1,"216":0,"218":0,"219":0,"220":0,"229":1,"230":0,"232":0,"233":0,"235":0,"246":1,"247":0,"248":0,"250":0,"251":0,"252":0,"261":1,"263":0,"265":0,"268":0,"274":0,"275":0,"278":0,"279":0,"281":0,"282":0,"285":0,"295":1,"297":0,"299":0,"300":0,"301":0,"311":1,"313":0,"315":0,"316":0,"317":0,"327":1,"328":0,"330":0,"331":0,"332":0,"342":1,"343":0,"344":0,"345":0,"347":0,"348":0,"349":0,"360":1,"361":0,"362":0,"364":0,"365":0,"366":0,"369":0,"370":0,"371":0,"374":0,"375":0,"376":0,"378":0,"381":0,"383":0,"384":0,"387":0,"388":0,"390":0,"392":0,"396":0,"397":0,"407":1,"409":0,"410":0,"412":0,"413":0,"415":0,"417":0,"418":0,"420":0,"431":1,"433":0,"436":0,"440":0,"442":0,"446":0,"447":0,"451":0,"452":0,"456":0,"457":0,"458":0,"460":0,"461":0,"463":0,"467":0,"470":0,"473":0,"475":0,"476":0,"478":0,"487":1,"488":0,"489":0,"490":0,"497":1,"498":0,"499":0,"510":1,"511":0,"512":0,"513":0,"514":0,"517":0,"527":1,"528":0,"529":0,"532":0,"533":0,"536":0,"539":0,"543":1,"544":0,"545":0,"546":0,"547":0,"548":0,"549":0,"550":0,"552":0,"553":0,"554":0,"555":0,"560":1,"561":0,"562":0,"564":0,"578":1,"579":0,"581":1,"582":0,"585":1,"588":0,"593":0,"597":0,"599":0,"602":0,"605":0,"608":0,"611":0,"614":0,"615":0,"618":0,"619":0,"623":0,"624":0,"627":0,"628":0,"629":0,"631":0,"632":0,"637":0,"638":0,"642":0,"643":0,"646":0,"648":0,"649":0,"650":0,"652":0,"653":0,"657":0,"658":0,"659":0,"661":0,"665":0,"666":0,"669":0,"670":0,"673":0,"674":0,"675":0,"677":0,"681":0,"683":0,"684":0,"685":0,"686":0,"687":0,"688":0,"690":0,"693":0,"694":0,"698":0,"699":0,"701":0,"702":0,"703":0,"704":0,"706":0,"708":0,"709":0,"710":0,"711":0,"714":0,"715":0,"720":0,"723":0,"724":0,"725":0,"727":0,"728":0,"729":0,"730":0,"732":0,"735":0,"739":0,"742":0,"744":0,"745":0,"746":0,"747":0,"748":0,"751":0,"752":0,"760":0,"763":0,"765":0,"768":1,"770":1,"771":0,"774":1,"775":0,"776":0,"777":0,"779":0,"782":0,"792":1,"793":0,"796":1,"797":0,"798":0,"801":0,"803":0,"804":0,"805":0,"809":0,"812":1,"813":0,"814":0,"817":0,"819":0,"820":0,"821":0,"823":0,"826":1,"827":0,"828":0,"834":0,"836":0,"837":0,"840":0,"841":0,"843":0,"844":0,"845":0,"847":0,"848":0,"849":0,"850":0,"854":0,"855":0,"859":0,"860":0,"861":0,"864":0,"874":1,"876":0,"877":0,"878":0,"880":0,"882":0,"883":0,"886":0,"890":0,"891":0,"895":0,"896":0,"899":0,"900":0,"908":0,"912":1,"913":0,"916":1,"917":0,"920":1,"921":0,"925":1,"926":0,"927":0,"929":0,"932":0,"933":0,"934":0,"936":0,"937":0,"938":0,"940":0,"941":0,"945":0,"948":0,"949":0,"951":0,"952":0,"954":0,"955":0,"956":0,"960":0,"961":0,"962":0,"963":0,"965":0,"968":1,"971":1,"972":0,"978":1,"980":1,"982":0,"985":1,"986":0,"995":1,"1011":1,"1018":0,"1019":0,"1020":0,"1021":0,"1027":1,"1031":0,"1041":0,"1042":0,"1048":0,"1049":0,"1054":0,"1056":0,"1062":0,"1071":0,"1081":0,"1082":0,"1087":0,"1088":0,"1092":0,"1097":0,"1098":0,"1099":0,"1105":0,"1108":0,"1109":0,"1114":0,"1115":0,"1116":0,"1117":0,"1118":0,"1119":0,"1120":0,"1121":0,"1129":0,"1130":0,"1131":0,"1132":0,"1133":0,"1142":0,"1145":0,"1146":0,"1152":1,"1160":0,"1161":0,"1162":0,"1167":0,"1168":0,"1169":0,"1174":0,"1175":0,"1181":0,"1182":0,"1185":0,"1191":0,"1196":1,"1200":0,"1202":1,"1207":0,"1208":0,"1209":0,"1210":0,"1211":0,"1212":0,"1213":0,"1215":0,"1220":0,"1228":0,"1229":0,"1230":0,"1231":0,"1232":0,"1250":0,"1260":0,"1265":0,"1271":0,"1274":1,"1277":1,"1278":0}}}